2019-12-27 10:17:00.674 [main] INFO  com.xy.boot.open.OpenApiApplication -Starting OpenApiApplication on DESKTOP-S57A7AI with PID 2724 (D:\github_test\docker_images_test\target\classes started by Administrator in D:\github_test\docker_images_test)
2019-12-27 10:17:00.676 [main] INFO  com.xy.boot.open.OpenApiApplication -The following profiles are active: dev
2019-12-27 10:17:00.718 [main] INFO  o.s.b.w.s.c.AnnotationConfigServletWebServerApplicationContext -Refreshing org.springframework.boot.web.servlet.context.AnnotationConfigServletWebServerApplicationContext@c333c60: startup date [Fri Dec 27 10:17:00 CST 2019]; root of context hierarchy
2019-12-27 10:17:01.438 [main] INFO  o.s.d.r.c.RepositoryConfigurationDelegate -Multiple Spring Data modules found, entering strict repository configuration mode!
2019-12-27 10:17:01.927 [main] INFO  o.s.c.s.PostProcessorRegistrationDelegate$BeanPostProcessorChecker -Bean 'org.springframework.boot.context.properties.ConversionServiceDeducer$Factory' of type [org.springframework.boot.context.properties.ConversionServiceDeducer$Factory] is not eligible for getting processed by all BeanPostProcessors (for example: not eligible for auto-proxying)
2019-12-27 10:17:02.012 [main] INFO  o.s.c.s.PostProcessorRegistrationDelegate$BeanPostProcessorChecker -Bean 'spring.datasource.dynamic-com.baomidou.dynamic.datasource.spring.boot.autoconfigure.DynamicDataSourceProperties' of type [com.baomidou.dynamic.datasource.spring.boot.autoconfigure.DynamicDataSourceProperties] is not eligible for getting processed by all BeanPostProcessors (for example: not eligible for auto-proxying)
2019-12-27 10:17:02.017 [main] INFO  o.s.c.s.PostProcessorRegistrationDelegate$BeanPostProcessorChecker -Bean 'com.baomidou.dynamic.datasource.spring.boot.autoconfigure.DynamicDataSourceAutoConfiguration' of type [com.baomidou.dynamic.datasource.spring.boot.autoconfigure.DynamicDataSourceAutoConfiguration$$EnhancerBySpringCGLIB$$4a9a60d6] is not eligible for getting processed by all BeanPostProcessors (for example: not eligible for auto-proxying)
2019-12-27 10:17:02.035 [main] INFO  o.s.c.s.PostProcessorRegistrationDelegate$BeanPostProcessorChecker -Bean 'dynamicDataSourceSpelParser' of type [com.baomidou.dynamic.datasource.spel.DefaultDynamicDataSourceSpelParser] is not eligible for getting processed by all BeanPostProcessors (for example: not eligible for auto-proxying)
2019-12-27 10:17:02.039 [main] INFO  o.s.c.s.PostProcessorRegistrationDelegate$BeanPostProcessorChecker -Bean 'dynamicDataSourceSpelResolver' of type [com.baomidou.dynamic.datasource.spel.DefaultDynamicDataSourceSpelResolver] is not eligible for getting processed by all BeanPostProcessors (for example: not eligible for auto-proxying)
2019-12-27 10:17:02.046 [main] INFO  o.s.c.s.PostProcessorRegistrationDelegate$BeanPostProcessorChecker -Bean 'dynamicDatasourceAnnotationAdvisor' of type [com.baomidou.dynamic.datasource.aop.DynamicDataSourceAnnotationAdvisor] is not eligible for getting processed by all BeanPostProcessors (for example: not eligible for auto-proxying)
2019-12-27 10:17:02.051 [main] INFO  o.s.c.s.PostProcessorRegistrationDelegate$BeanPostProcessorChecker -Bean 'org.springframework.transaction.annotation.ProxyTransactionManagementConfiguration' of type [org.springframework.transaction.annotation.ProxyTransactionManagementConfiguration$$EnhancerBySpringCGLIB$$e10bf005] is not eligible for getting processed by all BeanPostProcessors (for example: not eligible for auto-proxying)
2019-12-27 10:17:02.349 [main] INFO  o.s.b.w.e.tomcat.TomcatWebServer -Tomcat initialized with port(s): 9902 (http)
2019-12-27 10:17:02.361 [main] INFO  o.a.coyote.http11.Http11NioProtocol -Initializing ProtocolHandler ["http-nio-9902"]
2019-12-27 10:17:02.369 [main] INFO  o.a.catalina.core.StandardService -Starting service [Tomcat]
2019-12-27 10:17:02.369 [main] INFO  o.a.catalina.core.StandardEngine -Starting Servlet Engine: Apache Tomcat/8.5.29
2019-12-27 10:17:02.372 [localhost-startStop-1] INFO  o.a.c.core.AprLifecycleListener -The APR based Apache Tomcat Native library which allows optimal performance in production environments was not found on the java.library.path: [C:\Program Files\Java\jdk1.8.0_144\bin;C:\Windows\Sun\Java\bin;C:\Windows\system32;C:\Windows;C:\ProgramData\DockerDesktop\version-bin;C:\Program Files\Docker\Docker\Resources\bin;F:\tools\dev\Xshell6\;C:\ProgramData\Oracle\Java\javapath;C:\Windows\system32;C:\Windows;C:\Windows\System32\Wbem;C:\Windows\System32\WindowsPowerShell\v1.0\;C:\Windows\System32\OpenSSH\;C:\Program Files\TortoiseSVN\bin;C:\Program Files\Java\jdk1.8.0_144\bin;C:\Program Files\Java\jdk1.8.0_144\jre\bin;F:\tools\dev\Git\cmd;F:\tools\dev\apache-ant-1.10.6\bin;F:\tools\dev\nodejs;F:\tools\dev\OpenVPN\bin;F:\tools\dev\apache-maven-3.6.1\bin;C:\Users\Administrator\node_modules\.bin;F:\Python\Python37\Scripts\;F:\Python\Python37\;C:\Users\Administrator\AppData\Local\Microsoft\WindowsApps;C:\Users\Administrator\AppData\Roaming\npm;.]
2019-12-27 10:17:02.478 [localhost-startStop-1] INFO  o.a.c.c.C.[.[localhost].[/open/api] -Initializing Spring embedded WebApplicationContext
2019-12-27 10:17:02.479 [localhost-startStop-1] INFO  o.s.web.context.ContextLoader -Root WebApplicationContext: initialization completed in 1761 ms
2019-12-27 10:17:02.683 [localhost-startStop-1] INFO  o.s.b.w.s.ServletRegistrationBean -Servlet dispatcherServlet mapped to [/]
2019-12-27 10:17:02.687 [localhost-startStop-1] INFO  o.s.b.w.s.FilterRegistrationBean -Mapping filter: 'characterEncodingFilter' to: [/*]
2019-12-27 10:17:02.688 [localhost-startStop-1] INFO  o.s.b.w.s.FilterRegistrationBean -Mapping filter: 'hiddenHttpMethodFilter' to: [/*]
2019-12-27 10:17:02.688 [localhost-startStop-1] INFO  o.s.b.w.s.FilterRegistrationBean -Mapping filter: 'httpPutFormContentFilter' to: [/*]
2019-12-27 10:17:02.688 [localhost-startStop-1] INFO  o.s.b.w.s.FilterRegistrationBean -Mapping filter: 'requestContextFilter' to: [/*]
2019-12-27 10:17:02.836 [main] INFO  com.zaxxer.hikari.HikariDataSource -master - Starting...
2019-12-27 10:17:03.334 [main] INFO  com.zaxxer.hikari.HikariDataSource -master - Start completed.
2019-12-27 10:17:03.335 [main] INFO  com.zaxxer.hikari.HikariDataSource -publicnum - Starting...
2019-12-27 10:17:03.925 [main] INFO  com.zaxxer.hikari.HikariDataSource -publicnum - Start completed.
2019-12-27 10:17:03.925 [main] INFO  c.b.d.d.DynamicRoutingDataSource -初始共加载 2 个数据源
2019-12-27 10:17:03.925 [main] INFO  c.b.d.d.DynamicRoutingDataSource -动态数据源-加载 master 成功
2019-12-27 10:17:03.925 [main] INFO  c.b.d.d.DynamicRoutingDataSource -动态数据源-加载 publicnum 成功
2019-12-27 10:17:03.925 [main] INFO  c.b.d.d.DynamicRoutingDataSource -当前的默认数据源是单数据源，数据源名为 master
2019-12-27 10:17:05.324 [main] INFO  c.x.boot.open.util.SensitiveWordUtil -敏感词库路径 = classpath:data/sensitive-word.txt
2019-12-27 10:17:05.334 [main] INFO  c.x.boot.open.util.SensitiveWordUtil -成功载入1891个敏感词
2019-12-27 10:17:05.777 [main] INFO  o.s.w.s.h.SimpleUrlHandlerMapping -Mapped URL path [/**/favicon.ico] onto handler of type [class org.springframework.web.servlet.resource.ResourceHttpRequestHandler]
2019-12-27 10:17:06.131 [main] INFO  o.s.w.s.m.m.a.RequestMappingHandlerAdapter -Looking for @ControllerAdvice: org.springframework.boot.web.servlet.context.AnnotationConfigServletWebServerApplicationContext@c333c60: startup date [Fri Dec 27 10:17:00 CST 2019]; root of context hierarchy
2019-12-27 10:17:06.190 [main] INFO  o.s.w.s.m.m.a.RequestMappingHandlerMapping -Mapped "{[/actionInfoUpload],methods=[POST]}" onto public com.xy.boot.common.base.entity.ReturnDTO com.xy.boot.open.controller.ActionInfoController.actionInfoUpload(com.xy.boot.open.model.params.ActionInfoParam,org.springframework.validation.BindingResult)
2019-12-27 10:17:06.193 [main] INFO  o.s.w.s.m.m.a.RequestMappingHandlerMapping -Mapped "{[/tOpenApiAgentExtInfo/delete],methods=[POST]}" onto public com.xy.boot.common.base.entity.ReturnDTO com.xy.boot.common.base.controller.BaseController.delete(java.util.List<java.lang.Long>)
2019-12-27 10:17:06.193 [main] INFO  o.s.w.s.m.m.a.RequestMappingHandlerMapping -Mapped "{[/tOpenApiAgentExtInfo/create],methods=[POST]}" onto public com.xy.boot.common.base.entity.ReturnDTO com.xy.boot.common.base.controller.BaseController.create(U)
2019-12-27 10:17:06.193 [main] INFO  o.s.w.s.m.m.a.RequestMappingHandlerMapping -Mapped "{[/tOpenApiAgentExtInfo/list],methods=[GET]}" onto public com.xy.boot.common.base.entity.ReturnDTO com.xy.boot.common.base.controller.BaseController.list()
2019-12-27 10:17:06.193 [main] INFO  o.s.w.s.m.m.a.RequestMappingHandlerMapping -Mapped "{[/tOpenApiAgentExtInfo/detail/{id}],methods=[GET]}" onto public com.xy.boot.common.base.entity.ReturnDTO com.xy.boot.common.base.controller.BaseController.detail(java.lang.Long)
2019-12-27 10:17:06.193 [main] INFO  o.s.w.s.m.m.a.RequestMappingHandlerMapping -Mapped "{[/tOpenApiAgentExtInfo/page],methods=[POST]}" onto public com.xy.boot.common.base.entity.ReturnDTO com.xy.boot.common.base.controller.BaseController.page(com.baomidou.mybatisplus.plugins.Page)
2019-12-27 10:17:06.194 [main] INFO  o.s.w.s.m.m.a.RequestMappingHandlerMapping -Mapped "{[/checkInfoQuery],methods=[POST]}" onto public com.xy.boot.common.base.entity.ReturnDTO com.xy.boot.open.controller.CheckInfoQueryController.checkInfoQuery(com.xy.boot.open.model.params.CheckInfoQueryParam,org.springframework.validation.BindingResult)
2019-12-27 10:17:06.194 [main] INFO  o.s.w.s.m.m.a.RequestMappingHandlerMapping -Mapped "{[/entInfoUpload],methods=[POST]}" onto public com.xy.boot.common.base.entity.ReturnDTO com.xy.boot.open.controller.EntInfoController.entInfoUpload(com.xy.boot.open.model.params.EntInfoParam,org.springframework.validation.BindingResult)
2019-12-27 10:17:06.194 [main] INFO  o.s.w.s.m.m.a.RequestMappingHandlerMapping -Mapped "{[/menuInfoUpload],methods=[POST]}" onto public com.xy.boot.common.base.entity.ReturnDTO com.xy.boot.open.controller.MenuInfoController.channelsUpload(com.xy.boot.open.model.params.MenuInfoParam,org.springframework.validation.BindingResult)
2019-12-27 10:17:06.195 [main] INFO  o.s.w.s.m.m.a.RequestMappingHandlerMapping -Mapped "{[/relationInfoUpload],methods=[POST]}" onto public com.xy.boot.common.base.entity.ReturnDTO com.xy.boot.open.controller.MenuRelationInfoController.relationInfoUpload(com.xy.boot.open.model.params.RelationInfoParam,org.springframework.validation.BindingResult)
2019-12-27 10:17:06.196 [main] INFO  o.s.w.s.m.m.a.RequestMappingHandlerMapping -Mapped "{[/tOpenApiMuiltData/delete],methods=[POST]}" onto public com.xy.boot.common.base.entity.ReturnDTO com.xy.boot.common.base.controller.BaseController.delete(java.util.List<java.lang.Long>)
2019-12-27 10:17:06.196 [main] INFO  o.s.w.s.m.m.a.RequestMappingHandlerMapping -Mapped "{[/tOpenApiMuiltData/create],methods=[POST]}" onto public com.xy.boot.common.base.entity.ReturnDTO com.xy.boot.common.base.controller.BaseController.create(U)
2019-12-27 10:17:06.196 [main] INFO  o.s.w.s.m.m.a.RequestMappingHandlerMapping -Mapped "{[/tOpenApiMuiltData/list],methods=[GET]}" onto public com.xy.boot.common.base.entity.ReturnDTO com.xy.boot.common.base.controller.BaseController.list()
2019-12-27 10:17:06.196 [main] INFO  o.s.w.s.m.m.a.RequestMappingHandlerMapping -Mapped "{[/tOpenApiMuiltData/detail/{id}],methods=[GET]}" onto public com.xy.boot.common.base.entity.ReturnDTO com.xy.boot.common.base.controller.BaseController.detail(java.lang.Long)
2019-12-27 10:17:06.196 [main] INFO  o.s.w.s.m.m.a.RequestMappingHandlerMapping -Mapped "{[/tOpenApiMuiltData/page],methods=[POST]}" onto public com.xy.boot.common.base.entity.ReturnDTO com.xy.boot.common.base.controller.BaseController.page(com.baomidou.mybatisplus.plugins.Page)
2019-12-27 10:17:06.197 [main] INFO  o.s.w.s.m.m.a.RequestMappingHandlerMapping -Mapped "{[/channelsUpload],methods=[POST]}" onto public com.xy.boot.common.base.entity.ReturnDTO com.xy.boot.open.controller.NumInfoController.channelsUpload(com.xy.boot.open.model.params.ChannelInfoParam,org.springframework.validation.BindingResult)
2019-12-27 10:17:06.197 [main] INFO  o.s.w.s.m.m.a.RequestMappingHandlerMapping -Mapped "{[/updateStatus/upline],methods=[POST]}" onto public com.xy.boot.common.base.entity.ReturnDTO com.xy.boot.open.controller.OnOffLineController.online(com.xy.boot.open.model.params.UpdateStatusParam,org.springframework.validation.BindingResult)
2019-12-27 10:17:06.198 [main] INFO  o.s.w.s.m.m.a.RequestMappingHandlerMapping -Mapped "{[/updateStatus/offline],methods=[POST]}" onto public com.xy.boot.common.base.entity.ReturnDTO com.xy.boot.open.controller.OnOffLineController.offLine(com.xy.boot.open.model.params.UpdateStatusParam,org.springframework.validation.BindingResult)
2019-12-27 10:17:06.200 [main] INFO  o.s.w.s.m.m.a.RequestMappingHandlerMapping -Mapped "{[/pubInfoRenewContract],methods=[POST]}" onto public com.xy.boot.common.base.entity.ReturnDTO com.xy.boot.open.controller.PubInfoController.pubInfoRenewContract(com.xy.boot.open.model.params.PubInfoRenewalContractParam,org.springframework.validation.BindingResult)
2019-12-27 10:17:06.200 [main] INFO  o.s.w.s.m.m.a.RequestMappingHandlerMapping -Mapped "{[/pubInfoAcceptanceConfirm],methods=[POST]}" onto public com.xy.boot.common.base.entity.ReturnDTO com.xy.boot.open.controller.PubInfoController.publicInfoAcceptanceConfirm(com.xy.boot.open.model.params.PubInfoAcceptanceConfirmParam,org.springframework.validation.BindingResult)
2019-12-27 10:17:06.200 [main] INFO  o.s.w.s.m.m.a.RequestMappingHandlerMapping -Mapped "{[/renewContractNotice],methods=[POST]}" onto public com.xy.boot.common.base.entity.ReturnDTO com.xy.boot.open.controller.PubInfoController.pubInfoRenewContractNotice(com.xy.boot.open.model.params.PubInfoRenewalQueryParam,org.springframework.validation.BindingResult)
2019-12-27 10:17:06.200 [main] INFO  o.s.w.s.m.m.a.RequestMappingHandlerMapping -Mapped "{[/pubInfoUpload],methods=[POST]}" onto public com.xy.boot.common.base.entity.ReturnDTO com.xy.boot.open.controller.PubInfoController.pubInfoUpload(com.xy.boot.open.model.params.PubInfoParam,org.springframework.validation.BindingResult)
2019-12-27 10:17:06.200 [main] INFO  o.s.w.s.m.m.a.RequestMappingHandlerMapping -Mapped "{[/smsParseInfoUpload],methods=[POST]}" onto public com.xy.boot.common.base.entity.ReturnDTO com.xy.boot.open.controller.SmsInfoController.smsParseInfoUpload(com.xy.boot.open.model.params.SmsParseInfoParam,org.springframework.validation.BindingResult)
2019-12-27 10:17:06.201 [main] INFO  o.s.w.s.m.m.a.RequestMappingHandlerMapping -Mapped "{[/statistics/pub],methods=[POST]}" onto public com.xy.boot.common.base.entity.ReturnDTO com.xy.boot.open.controller.StatisticController.channelsUpload(com.xy.boot.open.model.params.PubStatisticDataParam,org.springframework.validation.BindingResult)
2019-12-27 10:17:06.201 [main] INFO  o.s.w.s.m.m.a.RequestMappingHandlerMapping -Mapped "{[/whiteInfoUpload],methods=[POST]}" onto public com.xy.boot.common.base.entity.ReturnDTO com.xy.boot.open.controller.WhiteInfoController.whiteInfoUpload(com.xy.boot.open.model.params.WhiteInfoParam,org.springframework.validation.BindingResult)
2019-12-27 10:17:06.201 [main] INFO  o.s.w.s.m.m.a.RequestMappingHandlerMapping -Mapped "{[/yellowPageInfoUpload],methods=[POST]}" onto public com.xy.boot.common.base.entity.ReturnDTO com.xy.boot.open.controller.YellowInfoController.channelsUpload(com.xy.boot.open.model.params.YellowInfoParam,org.springframework.validation.BindingResult)
2019-12-27 10:17:06.204 [main] INFO  o.s.w.s.m.m.a.RequestMappingHandlerMapping -Mapped "{[/error]}" onto public org.springframework.http.ResponseEntity<java.util.Map<java.lang.String, java.lang.Object>> org.springframework.boot.autoconfigure.web.servlet.error.BasicErrorController.error(javax.servlet.http.HttpServletRequest)
2019-12-27 10:17:06.205 [main] INFO  o.s.w.s.m.m.a.RequestMappingHandlerMapping -Mapped "{[/error],produces=[text/html]}" onto public org.springframework.web.servlet.ModelAndView org.springframework.boot.autoconfigure.web.servlet.error.BasicErrorController.errorHtml(javax.servlet.http.HttpServletRequest,javax.servlet.http.HttpServletResponse)
2019-12-27 10:17:06.245 [main] INFO  o.s.w.s.h.SimpleUrlHandlerMapping -Mapped URL path [/webjars/**] onto handler of type [class org.springframework.web.servlet.resource.ResourceHttpRequestHandler]
2019-12-27 10:17:06.245 [main] INFO  o.s.w.s.h.SimpleUrlHandlerMapping -Mapped URL path [/**] onto handler of type [class org.springframework.web.servlet.resource.ResourceHttpRequestHandler]
2019-12-27 10:17:06.264 [main] INFO  o.s.w.s.m.m.a.ExceptionHandlerExceptionResolver -Detected @ExceptionHandler methods in xyExceptionHandler
2019-12-27 10:17:06.656 [main] INFO  o.s.u.f.SpringTemplateLoader -SpringTemplateLoader for FreeMarker: using resource loader [org.springframework.boot.web.servlet.context.AnnotationConfigServletWebServerApplicationContext@c333c60: startup date [Fri Dec 27 10:17:00 CST 2019]; root of context hierarchy] and template loader path [classpath:/templates/]
2019-12-27 10:17:06.656 [main] INFO  o.s.w.s.v.f.FreeMarkerConfigurer -ClassTemplateLoader for Spring macros added to FreeMarker configuration
2019-12-27 10:17:06.865 [main] INFO  o.s.j.e.a.AnnotationMBeanExporter -Registering beans for JMX exposure on startup
2019-12-27 10:17:06.879 [main] INFO  o.a.coyote.http11.Http11NioProtocol -Starting ProtocolHandler ["http-nio-9902"]
2019-12-27 10:17:06.884 [main] ERROR o.a.catalina.core.StandardService -Failed to start connector [Connector[HTTP/1.1-9902]]
org.apache.catalina.LifecycleException: Failed to start component [Connector[HTTP/1.1-9902]]
	at org.apache.catalina.util.LifecycleBase.start(LifecycleBase.java:167)
	at org.apache.catalina.core.StandardService.addConnector(StandardService.java:225)
	at org.springframework.boot.web.embedded.tomcat.TomcatWebServer.addPreviouslyRemovedConnectors(TomcatWebServer.java:256)
	at org.springframework.boot.web.embedded.tomcat.TomcatWebServer.start(TomcatWebServer.java:198)
	at org.springframework.boot.web.servlet.context.ServletWebServerApplicationContext.startWebServer(ServletWebServerApplicationContext.java:300)
	at org.springframework.boot.web.servlet.context.ServletWebServerApplicationContext.finishRefresh(ServletWebServerApplicationContext.java:162)
	at org.springframework.context.support.AbstractApplicationContext.refresh(AbstractApplicationContext.java:553)
	at org.springframework.boot.web.servlet.context.ServletWebServerApplicationContext.refresh(ServletWebServerApplicationContext.java:140)
	at org.springframework.boot.SpringApplication.refresh(SpringApplication.java:759)
	at org.springframework.boot.SpringApplication.refreshContext(SpringApplication.java:395)
	at org.springframework.boot.SpringApplication.run(SpringApplication.java:327)
	at com.xy.boot.open.OpenApiApplication.main(OpenApiApplication.java:25)
Caused by: org.apache.catalina.LifecycleException: Protocol handler start failed
	at org.apache.catalina.connector.Connector.startInternal(Connector.java:1020)
	at org.apache.catalina.util.LifecycleBase.start(LifecycleBase.java:150)
	... 11 common frames omitted
Caused by: java.net.BindException: Address already in use: bind
	at sun.nio.ch.Net.bind0(Native Method)
	at sun.nio.ch.Net.bind(Net.java:433)
	at sun.nio.ch.Net.bind(Net.java:425)
	at sun.nio.ch.ServerSocketChannelImpl.bind(ServerSocketChannelImpl.java:223)
	at sun.nio.ch.ServerSocketAdaptor.bind(ServerSocketAdaptor.java:74)
	at org.apache.tomcat.util.net.NioEndpoint.bind(NioEndpoint.java:210)
	at org.apache.tomcat.util.net.AbstractEndpoint.start(AbstractEndpoint.java:1150)
	at org.apache.coyote.AbstractProtocol.start(AbstractProtocol.java:591)
	at org.apache.catalina.connector.Connector.startInternal(Connector.java:1018)
	... 12 common frames omitted
2019-12-27 10:17:06.888 [main] INFO  o.a.coyote.http11.Http11NioProtocol -Pausing ProtocolHandler ["http-nio-9902"]
2019-12-27 10:17:06.888 [main] INFO  o.a.catalina.core.StandardService -Stopping service [Tomcat]
2019-12-27 10:17:06.893 [main] INFO  o.apache.catalina.util.LifecycleBase -The stop() method was called on component [StandardServer[-1]] after stop() had already been called. The second call will be ignored.
2019-12-27 10:17:06.893 [main] INFO  o.a.coyote.http11.Http11NioProtocol -Stopping ProtocolHandler ["http-nio-9902"]
2019-12-27 10:17:06.894 [main] INFO  o.a.coyote.http11.Http11NioProtocol -Destroying ProtocolHandler ["http-nio-9902"]
2019-12-27 10:17:06.896 [main] INFO  o.s.b.a.l.ConditionEvaluationReportLoggingListener -

Error starting ApplicationContext. To display the conditions report re-run your application with 'debug' enabled.
2019-12-27 10:17:06.898 [main] ERROR o.s.b.d.LoggingFailureAnalysisReporter -

***************************
APPLICATION FAILED TO START
***************************

Description:

The Tomcat connector configured to listen on port 9902 failed to start. The port may already be in use or the connector may be misconfigured.

Action:

Verify the connector's configuration, identify and stop any process that's listening on port 9902, or configure this application to listen on another port.

2019-12-27 10:17:06.898 [main] INFO  o.s.b.w.s.c.AnnotationConfigServletWebServerApplicationContext -Closing org.springframework.boot.web.servlet.context.AnnotationConfigServletWebServerApplicationContext@c333c60: startup date [Fri Dec 27 10:17:00 CST 2019]; root of context hierarchy
2019-12-27 10:17:06.900 [main] INFO  o.s.j.e.a.AnnotationMBeanExporter -Unregistering JMX-exposed beans on shutdown
2019-12-27 10:17:34.460 [main] INFO  com.xy.boot.open.OpenApiApplication -Starting OpenApiApplication on DESKTOP-S57A7AI with PID 8512 (D:\github_test\docker_images_test\target\classes started by Administrator in D:\github_test\docker_images_test)
2019-12-27 10:17:34.462 [main] INFO  com.xy.boot.open.OpenApiApplication -The following profiles are active: dev
2019-12-27 10:17:34.499 [main] INFO  o.s.b.w.s.c.AnnotationConfigServletWebServerApplicationContext -Refreshing org.springframework.boot.web.servlet.context.AnnotationConfigServletWebServerApplicationContext@366647c2: startup date [Fri Dec 27 10:17:34 CST 2019]; root of context hierarchy
2019-12-27 10:17:35.048 [main] INFO  o.s.d.r.c.RepositoryConfigurationDelegate -Multiple Spring Data modules found, entering strict repository configuration mode!
2019-12-27 10:17:35.435 [main] INFO  o.s.c.s.PostProcessorRegistrationDelegate$BeanPostProcessorChecker -Bean 'org.springframework.boot.context.properties.ConversionServiceDeducer$Factory' of type [org.springframework.boot.context.properties.ConversionServiceDeducer$Factory] is not eligible for getting processed by all BeanPostProcessors (for example: not eligible for auto-proxying)
2019-12-27 10:17:35.495 [main] INFO  o.s.c.s.PostProcessorRegistrationDelegate$BeanPostProcessorChecker -Bean 'spring.datasource.dynamic-com.baomidou.dynamic.datasource.spring.boot.autoconfigure.DynamicDataSourceProperties' of type [com.baomidou.dynamic.datasource.spring.boot.autoconfigure.DynamicDataSourceProperties] is not eligible for getting processed by all BeanPostProcessors (for example: not eligible for auto-proxying)
2019-12-27 10:17:35.499 [main] INFO  o.s.c.s.PostProcessorRegistrationDelegate$BeanPostProcessorChecker -Bean 'com.baomidou.dynamic.datasource.spring.boot.autoconfigure.DynamicDataSourceAutoConfiguration' of type [com.baomidou.dynamic.datasource.spring.boot.autoconfigure.DynamicDataSourceAutoConfiguration$$EnhancerBySpringCGLIB$$d53982f4] is not eligible for getting processed by all BeanPostProcessors (for example: not eligible for auto-proxying)
2019-12-27 10:17:35.511 [main] INFO  o.s.c.s.PostProcessorRegistrationDelegate$BeanPostProcessorChecker -Bean 'dynamicDataSourceSpelParser' of type [com.baomidou.dynamic.datasource.spel.DefaultDynamicDataSourceSpelParser] is not eligible for getting processed by all BeanPostProcessors (for example: not eligible for auto-proxying)
2019-12-27 10:17:35.514 [main] INFO  o.s.c.s.PostProcessorRegistrationDelegate$BeanPostProcessorChecker -Bean 'dynamicDataSourceSpelResolver' of type [com.baomidou.dynamic.datasource.spel.DefaultDynamicDataSourceSpelResolver] is not eligible for getting processed by all BeanPostProcessors (for example: not eligible for auto-proxying)
2019-12-27 10:17:35.521 [main] INFO  o.s.c.s.PostProcessorRegistrationDelegate$BeanPostProcessorChecker -Bean 'dynamicDatasourceAnnotationAdvisor' of type [com.baomidou.dynamic.datasource.aop.DynamicDataSourceAnnotationAdvisor] is not eligible for getting processed by all BeanPostProcessors (for example: not eligible for auto-proxying)
2019-12-27 10:17:35.525 [main] INFO  o.s.c.s.PostProcessorRegistrationDelegate$BeanPostProcessorChecker -Bean 'org.springframework.transaction.annotation.ProxyTransactionManagementConfiguration' of type [org.springframework.transaction.annotation.ProxyTransactionManagementConfiguration$$EnhancerBySpringCGLIB$$6bab1223] is not eligible for getting processed by all BeanPostProcessors (for example: not eligible for auto-proxying)
2019-12-27 10:17:35.759 [main] INFO  o.s.b.w.e.tomcat.TomcatWebServer -Tomcat initialized with port(s): 9903 (http)
2019-12-27 10:17:35.768 [main] INFO  o.a.coyote.http11.Http11NioProtocol -Initializing ProtocolHandler ["http-nio-9903"]
2019-12-27 10:17:35.775 [main] INFO  o.a.catalina.core.StandardService -Starting service [Tomcat]
2019-12-27 10:17:35.775 [main] INFO  o.a.catalina.core.StandardEngine -Starting Servlet Engine: Apache Tomcat/8.5.29
2019-12-27 10:17:35.778 [localhost-startStop-1] INFO  o.a.c.core.AprLifecycleListener -The APR based Apache Tomcat Native library which allows optimal performance in production environments was not found on the java.library.path: [C:\Program Files\Java\jdk1.8.0_144\bin;C:\Windows\Sun\Java\bin;C:\Windows\system32;C:\Windows;C:\ProgramData\DockerDesktop\version-bin;C:\Program Files\Docker\Docker\Resources\bin;F:\tools\dev\Xshell6\;C:\ProgramData\Oracle\Java\javapath;C:\Windows\system32;C:\Windows;C:\Windows\System32\Wbem;C:\Windows\System32\WindowsPowerShell\v1.0\;C:\Windows\System32\OpenSSH\;C:\Program Files\TortoiseSVN\bin;C:\Program Files\Java\jdk1.8.0_144\bin;C:\Program Files\Java\jdk1.8.0_144\jre\bin;F:\tools\dev\Git\cmd;F:\tools\dev\apache-ant-1.10.6\bin;F:\tools\dev\nodejs;F:\tools\dev\OpenVPN\bin;F:\tools\dev\apache-maven-3.6.1\bin;C:\Users\Administrator\node_modules\.bin;F:\Python\Python37\Scripts\;F:\Python\Python37\;C:\Users\Administrator\AppData\Local\Microsoft\WindowsApps;C:\Users\Administrator\AppData\Roaming\npm;.]
2019-12-27 10:17:35.908 [localhost-startStop-1] INFO  o.a.c.c.C.[.[localhost].[/open/api] -Initializing Spring embedded WebApplicationContext
2019-12-27 10:17:35.908 [localhost-startStop-1] INFO  o.s.web.context.ContextLoader -Root WebApplicationContext: initialization completed in 1409 ms
2019-12-27 10:17:36.038 [localhost-startStop-1] INFO  o.s.b.w.s.ServletRegistrationBean -Servlet dispatcherServlet mapped to [/]
2019-12-27 10:17:36.042 [localhost-startStop-1] INFO  o.s.b.w.s.FilterRegistrationBean -Mapping filter: 'characterEncodingFilter' to: [/*]
2019-12-27 10:17:36.042 [localhost-startStop-1] INFO  o.s.b.w.s.FilterRegistrationBean -Mapping filter: 'hiddenHttpMethodFilter' to: [/*]
2019-12-27 10:17:36.042 [localhost-startStop-1] INFO  o.s.b.w.s.FilterRegistrationBean -Mapping filter: 'httpPutFormContentFilter' to: [/*]
2019-12-27 10:17:36.042 [localhost-startStop-1] INFO  o.s.b.w.s.FilterRegistrationBean -Mapping filter: 'requestContextFilter' to: [/*]
2019-12-27 10:17:36.165 [main] INFO  com.zaxxer.hikari.HikariDataSource -master - Starting...
2019-12-27 10:17:36.903 [main] INFO  com.zaxxer.hikari.HikariDataSource -master - Start completed.
2019-12-27 10:17:36.903 [main] INFO  com.zaxxer.hikari.HikariDataSource -publicnum - Starting...
2019-12-27 10:17:37.540 [main] INFO  com.zaxxer.hikari.HikariDataSource -publicnum - Start completed.
2019-12-27 10:17:37.540 [main] INFO  c.b.d.d.DynamicRoutingDataSource -初始共加载 2 个数据源
2019-12-27 10:17:37.541 [main] INFO  c.b.d.d.DynamicRoutingDataSource -动态数据源-加载 master 成功
2019-12-27 10:17:37.541 [main] INFO  c.b.d.d.DynamicRoutingDataSource -动态数据源-加载 publicnum 成功
2019-12-27 10:17:37.541 [main] INFO  c.b.d.d.DynamicRoutingDataSource -当前的默认数据源是单数据源，数据源名为 master
2019-12-27 10:17:38.655 [main] INFO  c.x.boot.open.util.SensitiveWordUtil -敏感词库路径 = classpath:data/sensitive-word.txt
2019-12-27 10:17:38.660 [main] INFO  c.x.boot.open.util.SensitiveWordUtil -成功载入1891个敏感词
2019-12-27 10:17:38.946 [main] INFO  o.s.w.s.h.SimpleUrlHandlerMapping -Mapped URL path [/**/favicon.ico] onto handler of type [class org.springframework.web.servlet.resource.ResourceHttpRequestHandler]
2019-12-27 10:17:39.203 [main] INFO  o.s.w.s.m.m.a.RequestMappingHandlerAdapter -Looking for @ControllerAdvice: org.springframework.boot.web.servlet.context.AnnotationConfigServletWebServerApplicationContext@366647c2: startup date [Fri Dec 27 10:17:34 CST 2019]; root of context hierarchy
2019-12-27 10:17:39.249 [main] INFO  o.s.w.s.m.m.a.RequestMappingHandlerMapping -Mapped "{[/actionInfoUpload],methods=[POST]}" onto public com.xy.boot.common.base.entity.ReturnDTO com.xy.boot.open.controller.ActionInfoController.actionInfoUpload(com.xy.boot.open.model.params.ActionInfoParam,org.springframework.validation.BindingResult)
2019-12-27 10:17:39.251 [main] INFO  o.s.w.s.m.m.a.RequestMappingHandlerMapping -Mapped "{[/tOpenApiAgentExtInfo/delete],methods=[POST]}" onto public com.xy.boot.common.base.entity.ReturnDTO com.xy.boot.common.base.controller.BaseController.delete(java.util.List<java.lang.Long>)
2019-12-27 10:17:39.251 [main] INFO  o.s.w.s.m.m.a.RequestMappingHandlerMapping -Mapped "{[/tOpenApiAgentExtInfo/create],methods=[POST]}" onto public com.xy.boot.common.base.entity.ReturnDTO com.xy.boot.common.base.controller.BaseController.create(U)
2019-12-27 10:17:39.251 [main] INFO  o.s.w.s.m.m.a.RequestMappingHandlerMapping -Mapped "{[/tOpenApiAgentExtInfo/list],methods=[GET]}" onto public com.xy.boot.common.base.entity.ReturnDTO com.xy.boot.common.base.controller.BaseController.list()
2019-12-27 10:17:39.252 [main] INFO  o.s.w.s.m.m.a.RequestMappingHandlerMapping -Mapped "{[/tOpenApiAgentExtInfo/detail/{id}],methods=[GET]}" onto public com.xy.boot.common.base.entity.ReturnDTO com.xy.boot.common.base.controller.BaseController.detail(java.lang.Long)
2019-12-27 10:17:39.252 [main] INFO  o.s.w.s.m.m.a.RequestMappingHandlerMapping -Mapped "{[/tOpenApiAgentExtInfo/page],methods=[POST]}" onto public com.xy.boot.common.base.entity.ReturnDTO com.xy.boot.common.base.controller.BaseController.page(com.baomidou.mybatisplus.plugins.Page)
2019-12-27 10:17:39.252 [main] INFO  o.s.w.s.m.m.a.RequestMappingHandlerMapping -Mapped "{[/checkInfoQuery],methods=[POST]}" onto public com.xy.boot.common.base.entity.ReturnDTO com.xy.boot.open.controller.CheckInfoQueryController.checkInfoQuery(com.xy.boot.open.model.params.CheckInfoQueryParam,org.springframework.validation.BindingResult)
2019-12-27 10:17:39.252 [main] INFO  o.s.w.s.m.m.a.RequestMappingHandlerMapping -Mapped "{[/entInfoUpload],methods=[POST]}" onto public com.xy.boot.common.base.entity.ReturnDTO com.xy.boot.open.controller.EntInfoController.entInfoUpload(com.xy.boot.open.model.params.EntInfoParam,org.springframework.validation.BindingResult)
2019-12-27 10:17:39.253 [main] INFO  o.s.w.s.m.m.a.RequestMappingHandlerMapping -Mapped "{[/menuInfoUpload],methods=[POST]}" onto public com.xy.boot.common.base.entity.ReturnDTO com.xy.boot.open.controller.MenuInfoController.channelsUpload(com.xy.boot.open.model.params.MenuInfoParam,org.springframework.validation.BindingResult)
2019-12-27 10:17:39.253 [main] INFO  o.s.w.s.m.m.a.RequestMappingHandlerMapping -Mapped "{[/relationInfoUpload],methods=[POST]}" onto public com.xy.boot.common.base.entity.ReturnDTO com.xy.boot.open.controller.MenuRelationInfoController.relationInfoUpload(com.xy.boot.open.model.params.RelationInfoParam,org.springframework.validation.BindingResult)
2019-12-27 10:17:39.254 [main] INFO  o.s.w.s.m.m.a.RequestMappingHandlerMapping -Mapped "{[/tOpenApiMuiltData/delete],methods=[POST]}" onto public com.xy.boot.common.base.entity.ReturnDTO com.xy.boot.common.base.controller.BaseController.delete(java.util.List<java.lang.Long>)
2019-12-27 10:17:39.254 [main] INFO  o.s.w.s.m.m.a.RequestMappingHandlerMapping -Mapped "{[/tOpenApiMuiltData/create],methods=[POST]}" onto public com.xy.boot.common.base.entity.ReturnDTO com.xy.boot.common.base.controller.BaseController.create(U)
2019-12-27 10:17:39.254 [main] INFO  o.s.w.s.m.m.a.RequestMappingHandlerMapping -Mapped "{[/tOpenApiMuiltData/list],methods=[GET]}" onto public com.xy.boot.common.base.entity.ReturnDTO com.xy.boot.common.base.controller.BaseController.list()
2019-12-27 10:17:39.254 [main] INFO  o.s.w.s.m.m.a.RequestMappingHandlerMapping -Mapped "{[/tOpenApiMuiltData/detail/{id}],methods=[GET]}" onto public com.xy.boot.common.base.entity.ReturnDTO com.xy.boot.common.base.controller.BaseController.detail(java.lang.Long)
2019-12-27 10:17:39.255 [main] INFO  o.s.w.s.m.m.a.RequestMappingHandlerMapping -Mapped "{[/tOpenApiMuiltData/page],methods=[POST]}" onto public com.xy.boot.common.base.entity.ReturnDTO com.xy.boot.common.base.controller.BaseController.page(com.baomidou.mybatisplus.plugins.Page)
2019-12-27 10:17:39.255 [main] INFO  o.s.w.s.m.m.a.RequestMappingHandlerMapping -Mapped "{[/channelsUpload],methods=[POST]}" onto public com.xy.boot.common.base.entity.ReturnDTO com.xy.boot.open.controller.NumInfoController.channelsUpload(com.xy.boot.open.model.params.ChannelInfoParam,org.springframework.validation.BindingResult)
2019-12-27 10:17:39.255 [main] INFO  o.s.w.s.m.m.a.RequestMappingHandlerMapping -Mapped "{[/updateStatus/offline],methods=[POST]}" onto public com.xy.boot.common.base.entity.ReturnDTO com.xy.boot.open.controller.OnOffLineController.offLine(com.xy.boot.open.model.params.UpdateStatusParam,org.springframework.validation.BindingResult)
2019-12-27 10:17:39.256 [main] INFO  o.s.w.s.m.m.a.RequestMappingHandlerMapping -Mapped "{[/updateStatus/upline],methods=[POST]}" onto public com.xy.boot.common.base.entity.ReturnDTO com.xy.boot.open.controller.OnOffLineController.online(com.xy.boot.open.model.params.UpdateStatusParam,org.springframework.validation.BindingResult)
2019-12-27 10:17:39.257 [main] INFO  o.s.w.s.m.m.a.RequestMappingHandlerMapping -Mapped "{[/pubInfoUpload],methods=[POST]}" onto public com.xy.boot.common.base.entity.ReturnDTO com.xy.boot.open.controller.PubInfoController.pubInfoUpload(com.xy.boot.open.model.params.PubInfoParam,org.springframework.validation.BindingResult)
2019-12-27 10:17:39.258 [main] INFO  o.s.w.s.m.m.a.RequestMappingHandlerMapping -Mapped "{[/renewContractNotice],methods=[POST]}" onto public com.xy.boot.common.base.entity.ReturnDTO com.xy.boot.open.controller.PubInfoController.pubInfoRenewContractNotice(com.xy.boot.open.model.params.PubInfoRenewalQueryParam,org.springframework.validation.BindingResult)
2019-12-27 10:17:39.258 [main] INFO  o.s.w.s.m.m.a.RequestMappingHandlerMapping -Mapped "{[/pubInfoRenewContract],methods=[POST]}" onto public com.xy.boot.common.base.entity.ReturnDTO com.xy.boot.open.controller.PubInfoController.pubInfoRenewContract(com.xy.boot.open.model.params.PubInfoRenewalContractParam,org.springframework.validation.BindingResult)
2019-12-27 10:17:39.258 [main] INFO  o.s.w.s.m.m.a.RequestMappingHandlerMapping -Mapped "{[/pubInfoAcceptanceConfirm],methods=[POST]}" onto public com.xy.boot.common.base.entity.ReturnDTO com.xy.boot.open.controller.PubInfoController.publicInfoAcceptanceConfirm(com.xy.boot.open.model.params.PubInfoAcceptanceConfirmParam,org.springframework.validation.BindingResult)
2019-12-27 10:17:39.258 [main] INFO  o.s.w.s.m.m.a.RequestMappingHandlerMapping -Mapped "{[/smsParseInfoUpload],methods=[POST]}" onto public com.xy.boot.common.base.entity.ReturnDTO com.xy.boot.open.controller.SmsInfoController.smsParseInfoUpload(com.xy.boot.open.model.params.SmsParseInfoParam,org.springframework.validation.BindingResult)
2019-12-27 10:17:39.258 [main] INFO  o.s.w.s.m.m.a.RequestMappingHandlerMapping -Mapped "{[/statistics/pub],methods=[POST]}" onto public com.xy.boot.common.base.entity.ReturnDTO com.xy.boot.open.controller.StatisticController.channelsUpload(com.xy.boot.open.model.params.PubStatisticDataParam,org.springframework.validation.BindingResult)
2019-12-27 10:17:39.259 [main] INFO  o.s.w.s.m.m.a.RequestMappingHandlerMapping -Mapped "{[/whiteInfoUpload],methods=[POST]}" onto public com.xy.boot.common.base.entity.ReturnDTO com.xy.boot.open.controller.WhiteInfoController.whiteInfoUpload(com.xy.boot.open.model.params.WhiteInfoParam,org.springframework.validation.BindingResult)
2019-12-27 10:17:39.259 [main] INFO  o.s.w.s.m.m.a.RequestMappingHandlerMapping -Mapped "{[/yellowPageInfoUpload],methods=[POST]}" onto public com.xy.boot.common.base.entity.ReturnDTO com.xy.boot.open.controller.YellowInfoController.channelsUpload(com.xy.boot.open.model.params.YellowInfoParam,org.springframework.validation.BindingResult)
2019-12-27 10:17:39.261 [main] INFO  o.s.w.s.m.m.a.RequestMappingHandlerMapping -Mapped "{[/error]}" onto public org.springframework.http.ResponseEntity<java.util.Map<java.lang.String, java.lang.Object>> org.springframework.boot.autoconfigure.web.servlet.error.BasicErrorController.error(javax.servlet.http.HttpServletRequest)
2019-12-27 10:17:39.261 [main] INFO  o.s.w.s.m.m.a.RequestMappingHandlerMapping -Mapped "{[/error],produces=[text/html]}" onto public org.springframework.web.servlet.ModelAndView org.springframework.boot.autoconfigure.web.servlet.error.BasicErrorController.errorHtml(javax.servlet.http.HttpServletRequest,javax.servlet.http.HttpServletResponse)
2019-12-27 10:17:39.292 [main] INFO  o.s.w.s.h.SimpleUrlHandlerMapping -Mapped URL path [/webjars/**] onto handler of type [class org.springframework.web.servlet.resource.ResourceHttpRequestHandler]
2019-12-27 10:17:39.292 [main] INFO  o.s.w.s.h.SimpleUrlHandlerMapping -Mapped URL path [/**] onto handler of type [class org.springframework.web.servlet.resource.ResourceHttpRequestHandler]
2019-12-27 10:17:39.305 [main] INFO  o.s.w.s.m.m.a.ExceptionHandlerExceptionResolver -Detected @ExceptionHandler methods in xyExceptionHandler
2019-12-27 10:17:39.629 [main] INFO  o.s.u.f.SpringTemplateLoader -SpringTemplateLoader for FreeMarker: using resource loader [org.springframework.boot.web.servlet.context.AnnotationConfigServletWebServerApplicationContext@366647c2: startup date [Fri Dec 27 10:17:34 CST 2019]; root of context hierarchy] and template loader path [classpath:/templates/]
2019-12-27 10:17:39.629 [main] INFO  o.s.w.s.v.f.FreeMarkerConfigurer -ClassTemplateLoader for Spring macros added to FreeMarker configuration
2019-12-27 10:17:39.807 [main] INFO  o.s.j.e.a.AnnotationMBeanExporter -Registering beans for JMX exposure on startup
2019-12-27 10:17:39.818 [main] INFO  o.a.coyote.http11.Http11NioProtocol -Starting ProtocolHandler ["http-nio-9903"]
2019-12-27 10:17:39.826 [main] INFO  o.a.tomcat.util.net.NioSelectorPool -Using a shared selector for servlet write/read
2019-12-27 10:17:39.838 [main] INFO  o.s.b.w.e.tomcat.TomcatWebServer -Tomcat started on port(s): 9903 (http) with context path '/open/api'
2019-12-27 10:17:39.841 [main] INFO  com.xy.boot.open.OpenApiApplication -Started OpenApiApplication in 5.697 seconds (JVM running for 6.637)
2019-12-27 10:17:39.843 [main] INFO  com.xy.boot.open.OpenApiApplication -PortalApplication is success!
2019-12-27 10:17:48.530 [main] INFO  com.xy.boot.open.OpenApiApplication -Starting OpenApiApplication on DESKTOP-S57A7AI with PID 20136 (D:\github_test\docker_images_test\target\classes started by Administrator in D:\github_test\docker_images_test)
2019-12-27 10:17:48.532 [main] INFO  com.xy.boot.open.OpenApiApplication -The following profiles are active: dev
2019-12-27 10:17:48.570 [main] INFO  o.s.b.w.s.c.AnnotationConfigServletWebServerApplicationContext -Refreshing org.springframework.boot.web.servlet.context.AnnotationConfigServletWebServerApplicationContext@366647c2: startup date [Fri Dec 27 10:17:48 CST 2019]; root of context hierarchy
2019-12-27 10:17:49.122 [main] INFO  o.s.d.r.c.RepositoryConfigurationDelegate -Multiple Spring Data modules found, entering strict repository configuration mode!
2019-12-27 10:17:49.510 [main] INFO  o.s.c.s.PostProcessorRegistrationDelegate$BeanPostProcessorChecker -Bean 'org.springframework.boot.context.properties.ConversionServiceDeducer$Factory' of type [org.springframework.boot.context.properties.ConversionServiceDeducer$Factory] is not eligible for getting processed by all BeanPostProcessors (for example: not eligible for auto-proxying)
2019-12-27 10:17:49.569 [main] INFO  o.s.c.s.PostProcessorRegistrationDelegate$BeanPostProcessorChecker -Bean 'spring.datasource.dynamic-com.baomidou.dynamic.datasource.spring.boot.autoconfigure.DynamicDataSourceProperties' of type [com.baomidou.dynamic.datasource.spring.boot.autoconfigure.DynamicDataSourceProperties] is not eligible for getting processed by all BeanPostProcessors (for example: not eligible for auto-proxying)
2019-12-27 10:17:49.573 [main] INFO  o.s.c.s.PostProcessorRegistrationDelegate$BeanPostProcessorChecker -Bean 'com.baomidou.dynamic.datasource.spring.boot.autoconfigure.DynamicDataSourceAutoConfiguration' of type [com.baomidou.dynamic.datasource.spring.boot.autoconfigure.DynamicDataSourceAutoConfiguration$$EnhancerBySpringCGLIB$$458bcc6] is not eligible for getting processed by all BeanPostProcessors (for example: not eligible for auto-proxying)
2019-12-27 10:17:49.585 [main] INFO  o.s.c.s.PostProcessorRegistrationDelegate$BeanPostProcessorChecker -Bean 'dynamicDataSourceSpelParser' of type [com.baomidou.dynamic.datasource.spel.DefaultDynamicDataSourceSpelParser] is not eligible for getting processed by all BeanPostProcessors (for example: not eligible for auto-proxying)
2019-12-27 10:17:49.588 [main] INFO  o.s.c.s.PostProcessorRegistrationDelegate$BeanPostProcessorChecker -Bean 'dynamicDataSourceSpelResolver' of type [com.baomidou.dynamic.datasource.spel.DefaultDynamicDataSourceSpelResolver] is not eligible for getting processed by all BeanPostProcessors (for example: not eligible for auto-proxying)
2019-12-27 10:17:49.595 [main] INFO  o.s.c.s.PostProcessorRegistrationDelegate$BeanPostProcessorChecker -Bean 'dynamicDatasourceAnnotationAdvisor' of type [com.baomidou.dynamic.datasource.aop.DynamicDataSourceAnnotationAdvisor] is not eligible for getting processed by all BeanPostProcessors (for example: not eligible for auto-proxying)
2019-12-27 10:17:49.599 [main] INFO  o.s.c.s.PostProcessorRegistrationDelegate$BeanPostProcessorChecker -Bean 'org.springframework.transaction.annotation.ProxyTransactionManagementConfiguration' of type [org.springframework.transaction.annotation.ProxyTransactionManagementConfiguration$$EnhancerBySpringCGLIB$$9aca4bf5] is not eligible for getting processed by all BeanPostProcessors (for example: not eligible for auto-proxying)
2019-12-27 10:17:49.832 [main] INFO  o.s.b.w.e.tomcat.TomcatWebServer -Tomcat initialized with port(s): 9903 (http)
2019-12-27 10:17:49.841 [main] INFO  o.a.coyote.http11.Http11NioProtocol -Initializing ProtocolHandler ["http-nio-9903"]
2019-12-27 10:17:49.848 [main] INFO  o.a.catalina.core.StandardService -Starting service [Tomcat]
2019-12-27 10:17:49.848 [main] INFO  o.a.catalina.core.StandardEngine -Starting Servlet Engine: Apache Tomcat/8.5.29
2019-12-27 10:17:49.851 [localhost-startStop-1] INFO  o.a.c.core.AprLifecycleListener -The APR based Apache Tomcat Native library which allows optimal performance in production environments was not found on the java.library.path: [C:\Program Files\Java\jdk1.8.0_144\bin;C:\Windows\Sun\Java\bin;C:\Windows\system32;C:\Windows;C:\ProgramData\DockerDesktop\version-bin;C:\Program Files\Docker\Docker\Resources\bin;F:\tools\dev\Xshell6\;C:\ProgramData\Oracle\Java\javapath;C:\Windows\system32;C:\Windows;C:\Windows\System32\Wbem;C:\Windows\System32\WindowsPowerShell\v1.0\;C:\Windows\System32\OpenSSH\;C:\Program Files\TortoiseSVN\bin;C:\Program Files\Java\jdk1.8.0_144\bin;C:\Program Files\Java\jdk1.8.0_144\jre\bin;F:\tools\dev\Git\cmd;F:\tools\dev\apache-ant-1.10.6\bin;F:\tools\dev\nodejs;F:\tools\dev\OpenVPN\bin;F:\tools\dev\apache-maven-3.6.1\bin;C:\Users\Administrator\node_modules\.bin;F:\Python\Python37\Scripts\;F:\Python\Python37\;C:\Users\Administrator\AppData\Local\Microsoft\WindowsApps;C:\Users\Administrator\AppData\Roaming\npm;.]
2019-12-27 10:17:49.982 [localhost-startStop-1] INFO  o.a.c.c.C.[.[localhost].[/open/api] -Initializing Spring embedded WebApplicationContext
2019-12-27 10:17:49.982 [localhost-startStop-1] INFO  o.s.web.context.ContextLoader -Root WebApplicationContext: initialization completed in 1412 ms
2019-12-27 10:17:50.096 [localhost-startStop-1] INFO  o.s.b.w.s.ServletRegistrationBean -Servlet dispatcherServlet mapped to [/]
2019-12-27 10:17:50.101 [localhost-startStop-1] INFO  o.s.b.w.s.FilterRegistrationBean -Mapping filter: 'characterEncodingFilter' to: [/*]
2019-12-27 10:17:50.101 [localhost-startStop-1] INFO  o.s.b.w.s.FilterRegistrationBean -Mapping filter: 'hiddenHttpMethodFilter' to: [/*]
2019-12-27 10:17:50.101 [localhost-startStop-1] INFO  o.s.b.w.s.FilterRegistrationBean -Mapping filter: 'httpPutFormContentFilter' to: [/*]
2019-12-27 10:17:50.101 [localhost-startStop-1] INFO  o.s.b.w.s.FilterRegistrationBean -Mapping filter: 'requestContextFilter' to: [/*]
2019-12-27 10:17:50.223 [main] INFO  com.zaxxer.hikari.HikariDataSource -master - Starting...
2019-12-27 10:17:50.747 [main] INFO  com.zaxxer.hikari.HikariDataSource -master - Start completed.
2019-12-27 10:17:50.748 [main] INFO  com.zaxxer.hikari.HikariDataSource -publicnum - Starting...
2019-12-27 10:17:51.460 [main] INFO  com.zaxxer.hikari.HikariDataSource -publicnum - Start completed.
2019-12-27 10:17:51.460 [main] INFO  c.b.d.d.DynamicRoutingDataSource -初始共加载 2 个数据源
2019-12-27 10:17:51.461 [main] INFO  c.b.d.d.DynamicRoutingDataSource -动态数据源-加载 master 成功
2019-12-27 10:17:51.461 [main] INFO  c.b.d.d.DynamicRoutingDataSource -动态数据源-加载 publicnum 成功
2019-12-27 10:17:51.461 [main] INFO  c.b.d.d.DynamicRoutingDataSource -当前的默认数据源是单数据源，数据源名为 master
2019-12-27 10:17:52.574 [main] INFO  c.x.boot.open.util.SensitiveWordUtil -敏感词库路径 = classpath:data/sensitive-word.txt
2019-12-27 10:17:52.578 [main] INFO  c.x.boot.open.util.SensitiveWordUtil -成功载入1891个敏感词
2019-12-27 10:17:52.845 [main] INFO  o.s.w.s.h.SimpleUrlHandlerMapping -Mapped URL path [/**/favicon.ico] onto handler of type [class org.springframework.web.servlet.resource.ResourceHttpRequestHandler]
2019-12-27 10:17:53.106 [main] INFO  o.s.w.s.m.m.a.RequestMappingHandlerAdapter -Looking for @ControllerAdvice: org.springframework.boot.web.servlet.context.AnnotationConfigServletWebServerApplicationContext@366647c2: startup date [Fri Dec 27 10:17:48 CST 2019]; root of context hierarchy
2019-12-27 10:17:53.168 [main] INFO  o.s.w.s.m.m.a.RequestMappingHandlerMapping -Mapped "{[/actionInfoUpload],methods=[POST]}" onto public com.xy.boot.common.base.entity.ReturnDTO com.xy.boot.open.controller.ActionInfoController.actionInfoUpload(com.xy.boot.open.model.params.ActionInfoParam,org.springframework.validation.BindingResult)
2019-12-27 10:17:53.170 [main] INFO  o.s.w.s.m.m.a.RequestMappingHandlerMapping -Mapped "{[/tOpenApiAgentExtInfo/delete],methods=[POST]}" onto public com.xy.boot.common.base.entity.ReturnDTO com.xy.boot.common.base.controller.BaseController.delete(java.util.List<java.lang.Long>)
2019-12-27 10:17:53.170 [main] INFO  o.s.w.s.m.m.a.RequestMappingHandlerMapping -Mapped "{[/tOpenApiAgentExtInfo/create],methods=[POST]}" onto public com.xy.boot.common.base.entity.ReturnDTO com.xy.boot.common.base.controller.BaseController.create(U)
2019-12-27 10:17:53.170 [main] INFO  o.s.w.s.m.m.a.RequestMappingHandlerMapping -Mapped "{[/tOpenApiAgentExtInfo/list],methods=[GET]}" onto public com.xy.boot.common.base.entity.ReturnDTO com.xy.boot.common.base.controller.BaseController.list()
2019-12-27 10:17:53.170 [main] INFO  o.s.w.s.m.m.a.RequestMappingHandlerMapping -Mapped "{[/tOpenApiAgentExtInfo/detail/{id}],methods=[GET]}" onto public com.xy.boot.common.base.entity.ReturnDTO com.xy.boot.common.base.controller.BaseController.detail(java.lang.Long)
2019-12-27 10:17:53.170 [main] INFO  o.s.w.s.m.m.a.RequestMappingHandlerMapping -Mapped "{[/tOpenApiAgentExtInfo/page],methods=[POST]}" onto public com.xy.boot.common.base.entity.ReturnDTO com.xy.boot.common.base.controller.BaseController.page(com.baomidou.mybatisplus.plugins.Page)
2019-12-27 10:17:53.171 [main] INFO  o.s.w.s.m.m.a.RequestMappingHandlerMapping -Mapped "{[/checkInfoQuery],methods=[POST]}" onto public com.xy.boot.common.base.entity.ReturnDTO com.xy.boot.open.controller.CheckInfoQueryController.checkInfoQuery(com.xy.boot.open.model.params.CheckInfoQueryParam,org.springframework.validation.BindingResult)
2019-12-27 10:17:53.171 [main] INFO  o.s.w.s.m.m.a.RequestMappingHandlerMapping -Mapped "{[/entInfoUpload],methods=[POST]}" onto public com.xy.boot.common.base.entity.ReturnDTO com.xy.boot.open.controller.EntInfoController.entInfoUpload(com.xy.boot.open.model.params.EntInfoParam,org.springframework.validation.BindingResult)
2019-12-27 10:17:53.171 [main] INFO  o.s.w.s.m.m.a.RequestMappingHandlerMapping -Mapped "{[/menuInfoUpload],methods=[POST]}" onto public com.xy.boot.common.base.entity.ReturnDTO com.xy.boot.open.controller.MenuInfoController.channelsUpload(com.xy.boot.open.model.params.MenuInfoParam,org.springframework.validation.BindingResult)
2019-12-27 10:17:53.171 [main] INFO  o.s.w.s.m.m.a.RequestMappingHandlerMapping -Mapped "{[/relationInfoUpload],methods=[POST]}" onto public com.xy.boot.common.base.entity.ReturnDTO com.xy.boot.open.controller.MenuRelationInfoController.relationInfoUpload(com.xy.boot.open.model.params.RelationInfoParam,org.springframework.validation.BindingResult)
2019-12-27 10:17:53.172 [main] INFO  o.s.w.s.m.m.a.RequestMappingHandlerMapping -Mapped "{[/tOpenApiMuiltData/delete],methods=[POST]}" onto public com.xy.boot.common.base.entity.ReturnDTO com.xy.boot.common.base.controller.BaseController.delete(java.util.List<java.lang.Long>)
2019-12-27 10:17:53.173 [main] INFO  o.s.w.s.m.m.a.RequestMappingHandlerMapping -Mapped "{[/tOpenApiMuiltData/create],methods=[POST]}" onto public com.xy.boot.common.base.entity.ReturnDTO com.xy.boot.common.base.controller.BaseController.create(U)
2019-12-27 10:17:53.173 [main] INFO  o.s.w.s.m.m.a.RequestMappingHandlerMapping -Mapped "{[/tOpenApiMuiltData/list],methods=[GET]}" onto public com.xy.boot.common.base.entity.ReturnDTO com.xy.boot.common.base.controller.BaseController.list()
2019-12-27 10:17:53.173 [main] INFO  o.s.w.s.m.m.a.RequestMappingHandlerMapping -Mapped "{[/tOpenApiMuiltData/detail/{id}],methods=[GET]}" onto public com.xy.boot.common.base.entity.ReturnDTO com.xy.boot.common.base.controller.BaseController.detail(java.lang.Long)
2019-12-27 10:17:53.173 [main] INFO  o.s.w.s.m.m.a.RequestMappingHandlerMapping -Mapped "{[/tOpenApiMuiltData/page],methods=[POST]}" onto public com.xy.boot.common.base.entity.ReturnDTO com.xy.boot.common.base.controller.BaseController.page(com.baomidou.mybatisplus.plugins.Page)
2019-12-27 10:17:53.173 [main] INFO  o.s.w.s.m.m.a.RequestMappingHandlerMapping -Mapped "{[/channelsUpload],methods=[POST]}" onto public com.xy.boot.common.base.entity.ReturnDTO com.xy.boot.open.controller.NumInfoController.channelsUpload(com.xy.boot.open.model.params.ChannelInfoParam,org.springframework.validation.BindingResult)
2019-12-27 10:17:53.174 [main] INFO  o.s.w.s.m.m.a.RequestMappingHandlerMapping -Mapped "{[/updateStatus/offline],methods=[POST]}" onto public com.xy.boot.common.base.entity.ReturnDTO com.xy.boot.open.controller.OnOffLineController.offLine(com.xy.boot.open.model.params.UpdateStatusParam,org.springframework.validation.BindingResult)
2019-12-27 10:17:53.174 [main] INFO  o.s.w.s.m.m.a.RequestMappingHandlerMapping -Mapped "{[/updateStatus/upline],methods=[POST]}" onto public com.xy.boot.common.base.entity.ReturnDTO com.xy.boot.open.controller.OnOffLineController.online(com.xy.boot.open.model.params.UpdateStatusParam,org.springframework.validation.BindingResult)
2019-12-27 10:17:53.176 [main] INFO  o.s.w.s.m.m.a.RequestMappingHandlerMapping -Mapped "{[/pubInfoUpload],methods=[POST]}" onto public com.xy.boot.common.base.entity.ReturnDTO com.xy.boot.open.controller.PubInfoController.pubInfoUpload(com.xy.boot.open.model.params.PubInfoParam,org.springframework.validation.BindingResult)
2019-12-27 10:17:53.176 [main] INFO  o.s.w.s.m.m.a.RequestMappingHandlerMapping -Mapped "{[/renewContractNotice],methods=[POST]}" onto public com.xy.boot.common.base.entity.ReturnDTO com.xy.boot.open.controller.PubInfoController.pubInfoRenewContractNotice(com.xy.boot.open.model.params.PubInfoRenewalQueryParam,org.springframework.validation.BindingResult)
2019-12-27 10:17:53.176 [main] INFO  o.s.w.s.m.m.a.RequestMappingHandlerMapping -Mapped "{[/pubInfoRenewContract],methods=[POST]}" onto public com.xy.boot.common.base.entity.ReturnDTO com.xy.boot.open.controller.PubInfoController.pubInfoRenewContract(com.xy.boot.open.model.params.PubInfoRenewalContractParam,org.springframework.validation.BindingResult)
2019-12-27 10:17:53.176 [main] INFO  o.s.w.s.m.m.a.RequestMappingHandlerMapping -Mapped "{[/pubInfoAcceptanceConfirm],methods=[POST]}" onto public com.xy.boot.common.base.entity.ReturnDTO com.xy.boot.open.controller.PubInfoController.publicInfoAcceptanceConfirm(com.xy.boot.open.model.params.PubInfoAcceptanceConfirmParam,org.springframework.validation.BindingResult)
2019-12-27 10:17:53.177 [main] INFO  o.s.w.s.m.m.a.RequestMappingHandlerMapping -Mapped "{[/smsParseInfoUpload],methods=[POST]}" onto public com.xy.boot.common.base.entity.ReturnDTO com.xy.boot.open.controller.SmsInfoController.smsParseInfoUpload(com.xy.boot.open.model.params.SmsParseInfoParam,org.springframework.validation.BindingResult)
2019-12-27 10:17:53.177 [main] INFO  o.s.w.s.m.m.a.RequestMappingHandlerMapping -Mapped "{[/statistics/pub],methods=[POST]}" onto public com.xy.boot.common.base.entity.ReturnDTO com.xy.boot.open.controller.StatisticController.channelsUpload(com.xy.boot.open.model.params.PubStatisticDataParam,org.springframework.validation.BindingResult)
2019-12-27 10:17:53.177 [main] INFO  o.s.w.s.m.m.a.RequestMappingHandlerMapping -Mapped "{[/whiteInfoUpload],methods=[POST]}" onto public com.xy.boot.common.base.entity.ReturnDTO com.xy.boot.open.controller.WhiteInfoController.whiteInfoUpload(com.xy.boot.open.model.params.WhiteInfoParam,org.springframework.validation.BindingResult)
2019-12-27 10:17:53.177 [main] INFO  o.s.w.s.m.m.a.RequestMappingHandlerMapping -Mapped "{[/yellowPageInfoUpload],methods=[POST]}" onto public com.xy.boot.common.base.entity.ReturnDTO com.xy.boot.open.controller.YellowInfoController.channelsUpload(com.xy.boot.open.model.params.YellowInfoParam,org.springframework.validation.BindingResult)
2019-12-27 10:17:53.179 [main] INFO  o.s.w.s.m.m.a.RequestMappingHandlerMapping -Mapped "{[/error]}" onto public org.springframework.http.ResponseEntity<java.util.Map<java.lang.String, java.lang.Object>> org.springframework.boot.autoconfigure.web.servlet.error.BasicErrorController.error(javax.servlet.http.HttpServletRequest)
2019-12-27 10:17:53.180 [main] INFO  o.s.w.s.m.m.a.RequestMappingHandlerMapping -Mapped "{[/error],produces=[text/html]}" onto public org.springframework.web.servlet.ModelAndView org.springframework.boot.autoconfigure.web.servlet.error.BasicErrorController.errorHtml(javax.servlet.http.HttpServletRequest,javax.servlet.http.HttpServletResponse)
2019-12-27 10:17:53.211 [main] INFO  o.s.w.s.h.SimpleUrlHandlerMapping -Mapped URL path [/webjars/**] onto handler of type [class org.springframework.web.servlet.resource.ResourceHttpRequestHandler]
2019-12-27 10:17:53.212 [main] INFO  o.s.w.s.h.SimpleUrlHandlerMapping -Mapped URL path [/**] onto handler of type [class org.springframework.web.servlet.resource.ResourceHttpRequestHandler]
2019-12-27 10:17:53.225 [main] INFO  o.s.w.s.m.m.a.ExceptionHandlerExceptionResolver -Detected @ExceptionHandler methods in xyExceptionHandler
2019-12-27 10:17:53.537 [main] INFO  o.s.u.f.SpringTemplateLoader -SpringTemplateLoader for FreeMarker: using resource loader [org.springframework.boot.web.servlet.context.AnnotationConfigServletWebServerApplicationContext@366647c2: startup date [Fri Dec 27 10:17:48 CST 2019]; root of context hierarchy] and template loader path [classpath:/templates/]
2019-12-27 10:17:53.538 [main] INFO  o.s.w.s.v.f.FreeMarkerConfigurer -ClassTemplateLoader for Spring macros added to FreeMarker configuration
2019-12-27 10:17:53.704 [main] INFO  o.s.j.e.a.AnnotationMBeanExporter -Registering beans for JMX exposure on startup
2019-12-27 10:17:53.715 [main] INFO  o.a.coyote.http11.Http11NioProtocol -Starting ProtocolHandler ["http-nio-9903"]
2019-12-27 10:17:53.723 [main] INFO  o.a.tomcat.util.net.NioSelectorPool -Using a shared selector for servlet write/read
2019-12-27 10:17:53.734 [main] INFO  o.s.b.w.e.tomcat.TomcatWebServer -Tomcat started on port(s): 9903 (http) with context path '/open/api'
2019-12-27 10:17:53.737 [main] INFO  com.xy.boot.open.OpenApiApplication -Started OpenApiApplication in 5.485 seconds (JVM running for 6.401)
2019-12-27 10:17:53.739 [main] INFO  com.xy.boot.open.OpenApiApplication -PortalApplication is success!
2019-12-27 10:18:22.359 [http-nio-9903-exec-1] INFO  o.a.c.c.C.[.[localhost].[/open/api] -Initializing Spring FrameworkServlet 'dispatcherServlet'
2019-12-27 10:18:22.359 [http-nio-9903-exec-1] INFO  o.s.web.servlet.DispatcherServlet -FrameworkServlet 'dispatcherServlet': initialization started
2019-12-27 10:18:22.378 [http-nio-9903-exec-1] INFO  o.s.web.servlet.DispatcherServlet -FrameworkServlet 'dispatcherServlet': initialization completed in 19 ms
2019-12-27 10:18:22.750 [http-nio-9903-exec-1] INFO  com.xy.boot.open.aspect.HttpAspect -RemoteAddr = 127.0.0.1
2019-12-27 10:18:22.750 [http-nio-9903-exec-1] INFO  com.xy.boot.open.aspect.HttpAspect -接口url = /open/api//checkInfoQuery
2019-12-27 10:18:22.750 [http-nio-9903-exec-1] INFO  com.xy.boot.open.aspect.HttpAspect -接口参数 = CheckInfoQueryParam(xyCode=CHANNEL526807236090019840)
2019-12-27 10:18:22.803 [http-nio-9903-exec-1] INFO  c.x.b.o.c.CheckInfoQueryController -{"xyCode":"CHANNEL526807236090019840"}
2019-12-27 10:18:22.998 [http-nio-9903-exec-1] INFO  c.x.b.o.c.CheckInfoQueryController -{"code":200,"message":[{"dataType":"CHANNEL","status":"5","statusStr":"已上线","xyCode":"CHANNEL526807236090019840","xyVersion":"20191224170352819"}]}
2019-12-27 10:18:22.998 [http-nio-9903-exec-1] INFO  com.xy.boot.open.aspect.HttpAspect -接口响应 = {"code":200,"message":[{"dataType":"CHANNEL","status":"5","statusStr":"已上线","xyCode":"CHANNEL526807236090019840","xyVersion":"20191224170352819"}]}
