2019-12-26 18:16:46.220 [main] INFO  com.xy.boot.open.OpenApiApplication -Starting OpenApiApplication on DESKTOP-S57A7AI with PID 16468 (D:\github_test\docker_images_test\openplatform-api\target\classes started by Administrator in D:\github_test\docker_images_test\openplatform-api)
2019-12-26 18:16:46.221 [main] INFO  com.xy.boot.open.OpenApiApplication -The following profiles are active: dev
2019-12-26 18:16:46.259 [main] INFO  o.s.b.w.s.c.AnnotationConfigServletWebServerApplicationContext -Refreshing org.springframework.boot.web.servlet.context.AnnotationConfigServletWebServerApplicationContext@366647c2: startup date [Thu Dec 26 18:16:46 CST 2019]; root of context hierarchy
2019-12-26 18:16:46.850 [main] INFO  o.s.d.r.c.RepositoryConfigurationDelegate -Multiple Spring Data modules found, entering strict repository configuration mode!
2019-12-26 18:16:47.229 [main] INFO  o.s.c.s.PostProcessorRegistrationDelegate$BeanPostProcessorChecker -Bean 'org.springframework.boot.context.properties.ConversionServiceDeducer$Factory' of type [org.springframework.boot.context.properties.ConversionServiceDeducer$Factory] is not eligible for getting processed by all BeanPostProcessors (for example: not eligible for auto-proxying)
2019-12-26 18:16:47.288 [main] INFO  o.s.c.s.PostProcessorRegistrationDelegate$BeanPostProcessorChecker -Bean 'spring.datasource.dynamic-com.baomidou.dynamic.datasource.spring.boot.autoconfigure.DynamicDataSourceProperties' of type [com.baomidou.dynamic.datasource.spring.boot.autoconfigure.DynamicDataSourceProperties] is not eligible for getting processed by all BeanPostProcessors (for example: not eligible for auto-proxying)
2019-12-26 18:16:47.291 [main] INFO  o.s.c.s.PostProcessorRegistrationDelegate$BeanPostProcessorChecker -Bean 'com.baomidou.dynamic.datasource.spring.boot.autoconfigure.DynamicDataSourceAutoConfiguration' of type [com.baomidou.dynamic.datasource.spring.boot.autoconfigure.DynamicDataSourceAutoConfiguration$$EnhancerBySpringCGLIB$$6d7504a4] is not eligible for getting processed by all BeanPostProcessors (for example: not eligible for auto-proxying)
2019-12-26 18:16:47.303 [main] INFO  o.s.c.s.PostProcessorRegistrationDelegate$BeanPostProcessorChecker -Bean 'dynamicDataSourceSpelParser' of type [com.baomidou.dynamic.datasource.spel.DefaultDynamicDataSourceSpelParser] is not eligible for getting processed by all BeanPostProcessors (for example: not eligible for auto-proxying)
2019-12-26 18:16:47.306 [main] INFO  o.s.c.s.PostProcessorRegistrationDelegate$BeanPostProcessorChecker -Bean 'dynamicDataSourceSpelResolver' of type [com.baomidou.dynamic.datasource.spel.DefaultDynamicDataSourceSpelResolver] is not eligible for getting processed by all BeanPostProcessors (for example: not eligible for auto-proxying)
2019-12-26 18:16:47.312 [main] INFO  o.s.c.s.PostProcessorRegistrationDelegate$BeanPostProcessorChecker -Bean 'dynamicDatasourceAnnotationAdvisor' of type [com.baomidou.dynamic.datasource.aop.DynamicDataSourceAnnotationAdvisor] is not eligible for getting processed by all BeanPostProcessors (for example: not eligible for auto-proxying)
2019-12-26 18:16:47.317 [main] INFO  o.s.c.s.PostProcessorRegistrationDelegate$BeanPostProcessorChecker -Bean 'org.springframework.transaction.annotation.ProxyTransactionManagementConfiguration' of type [org.springframework.transaction.annotation.ProxyTransactionManagementConfiguration$$EnhancerBySpringCGLIB$$3e693d3] is not eligible for getting processed by all BeanPostProcessors (for example: not eligible for auto-proxying)
2019-12-26 18:16:47.552 [main] INFO  o.s.b.w.e.tomcat.TomcatWebServer -Tomcat initialized with port(s): 9901 (http)
2019-12-26 18:16:47.562 [main] INFO  o.a.coyote.http11.Http11NioProtocol -Initializing ProtocolHandler ["http-nio-9901"]
2019-12-26 18:16:47.570 [main] INFO  o.a.catalina.core.StandardService -Starting service [Tomcat]
2019-12-26 18:16:47.570 [main] INFO  o.a.catalina.core.StandardEngine -Starting Servlet Engine: Apache Tomcat/8.5.29
2019-12-26 18:16:47.573 [localhost-startStop-1] INFO  o.a.c.core.AprLifecycleListener -The APR based Apache Tomcat Native library which allows optimal performance in production environments was not found on the java.library.path: [C:\Program Files\Java\jdk1.8.0_144\bin;C:\Windows\Sun\Java\bin;C:\Windows\system32;C:\Windows;C:\ProgramData\DockerDesktop\version-bin;C:\Program Files\Docker\Docker\Resources\bin;F:\tools\dev\Xshell6\;C:\ProgramData\Oracle\Java\javapath;C:\Windows\system32;C:\Windows;C:\Windows\System32\Wbem;C:\Windows\System32\WindowsPowerShell\v1.0\;C:\Windows\System32\OpenSSH\;C:\Program Files\TortoiseSVN\bin;C:\Program Files\Java\jdk1.8.0_144\bin;C:\Program Files\Java\jdk1.8.0_144\jre\bin;F:\tools\dev\Git\cmd;F:\tools\dev\apache-ant-1.10.6\bin;F:\tools\dev\nodejs;F:\tools\dev\OpenVPN\bin;F:\tools\dev\apache-maven-3.6.1\bin;C:\Users\Administrator\node_modules\.bin;F:\Python\Python37\Scripts\;F:\Python\Python37\;C:\Users\Administrator\AppData\Local\Microsoft\WindowsApps;C:\Users\Administrator\AppData\Roaming\npm;.]
2019-12-26 18:16:47.713 [localhost-startStop-1] INFO  o.a.c.c.C.[.[localhost].[/open/api] -Initializing Spring embedded WebApplicationContext
2019-12-26 18:16:47.713 [localhost-startStop-1] INFO  o.s.web.context.ContextLoader -Root WebApplicationContext: initialization completed in 1454 ms
2019-12-26 18:16:47.828 [localhost-startStop-1] INFO  o.s.b.w.s.ServletRegistrationBean -Servlet dispatcherServlet mapped to [/]
2019-12-26 18:16:47.831 [localhost-startStop-1] INFO  o.s.b.w.s.FilterRegistrationBean -Mapping filter: 'characterEncodingFilter' to: [/*]
2019-12-26 18:16:47.832 [localhost-startStop-1] INFO  o.s.b.w.s.FilterRegistrationBean -Mapping filter: 'hiddenHttpMethodFilter' to: [/*]
2019-12-26 18:16:47.832 [localhost-startStop-1] INFO  o.s.b.w.s.FilterRegistrationBean -Mapping filter: 'httpPutFormContentFilter' to: [/*]
2019-12-26 18:16:47.832 [localhost-startStop-1] INFO  o.s.b.w.s.FilterRegistrationBean -Mapping filter: 'requestContextFilter' to: [/*]
2019-12-26 18:16:47.948 [main] INFO  com.zaxxer.hikari.HikariDataSource -master - Starting...
2019-12-26 18:16:48.500 [main] INFO  com.zaxxer.hikari.HikariDataSource -master - Start completed.
2019-12-26 18:16:48.500 [main] INFO  com.zaxxer.hikari.HikariDataSource -publicnum - Starting...
2019-12-26 18:16:49.131 [main] INFO  com.zaxxer.hikari.HikariDataSource -publicnum - Start completed.
2019-12-26 18:16:49.132 [main] INFO  c.b.d.d.DynamicRoutingDataSource -初始共加载 2 个数据源
2019-12-26 18:16:49.132 [main] INFO  c.b.d.d.DynamicRoutingDataSource -动态数据源-加载 master 成功
2019-12-26 18:16:49.132 [main] INFO  c.b.d.d.DynamicRoutingDataSource -动态数据源-加载 publicnum 成功
2019-12-26 18:16:49.132 [main] INFO  c.b.d.d.DynamicRoutingDataSource -当前的默认数据源是单数据源，数据源名为 master
2019-12-26 18:16:50.228 [main] INFO  c.x.boot.open.util.SensitiveWordUtil -敏感词库路径 = classpath:data/sensitive-word.txt
2019-12-26 18:16:50.241 [main] INFO  c.x.boot.open.util.SensitiveWordUtil -成功载入1891个敏感词
2019-12-26 18:16:50.572 [main] INFO  o.s.w.s.h.SimpleUrlHandlerMapping -Mapped URL path [/**/favicon.ico] onto handler of type [class org.springframework.web.servlet.resource.ResourceHttpRequestHandler]
2019-12-26 18:16:50.823 [main] INFO  o.s.w.s.m.m.a.RequestMappingHandlerAdapter -Looking for @ControllerAdvice: org.springframework.boot.web.servlet.context.AnnotationConfigServletWebServerApplicationContext@366647c2: startup date [Thu Dec 26 18:16:46 CST 2019]; root of context hierarchy
2019-12-26 18:16:50.829 [main] INFO  o.s.w.s.m.m.a.RequestMappingHandlerAdapter -Detected RequestBodyAdvice bean in decodeRequestBodyAdvice
2019-12-26 18:16:50.830 [main] INFO  o.s.w.s.m.m.a.RequestMappingHandlerAdapter -Detected ResponseBodyAdvice bean in encodeResponseBodyAdvice
2019-12-26 18:16:50.869 [main] INFO  o.s.w.s.m.m.a.RequestMappingHandlerMapping -Mapped "{[/actionInfoUpload],methods=[POST]}" onto public com.xy.boot.common.base.entity.ReturnDTO com.xy.boot.open.controller.ActionInfoController.actionInfoUpload(com.xy.boot.open.model.params.ActionInfoParam,org.springframework.validation.BindingResult)
2019-12-26 18:16:50.871 [main] INFO  o.s.w.s.m.m.a.RequestMappingHandlerMapping -Mapped "{[/tOpenApiAgentExtInfo/delete],methods=[POST]}" onto public com.xy.boot.common.base.entity.ReturnDTO com.xy.boot.common.base.controller.BaseController.delete(java.util.List<java.lang.Long>)
2019-12-26 18:16:50.871 [main] INFO  o.s.w.s.m.m.a.RequestMappingHandlerMapping -Mapped "{[/tOpenApiAgentExtInfo/create],methods=[POST]}" onto public com.xy.boot.common.base.entity.ReturnDTO com.xy.boot.common.base.controller.BaseController.create(U)
2019-12-26 18:16:50.872 [main] INFO  o.s.w.s.m.m.a.RequestMappingHandlerMapping -Mapped "{[/tOpenApiAgentExtInfo/list],methods=[GET]}" onto public com.xy.boot.common.base.entity.ReturnDTO com.xy.boot.common.base.controller.BaseController.list()
2019-12-26 18:16:50.872 [main] INFO  o.s.w.s.m.m.a.RequestMappingHandlerMapping -Mapped "{[/tOpenApiAgentExtInfo/detail/{id}],methods=[GET]}" onto public com.xy.boot.common.base.entity.ReturnDTO com.xy.boot.common.base.controller.BaseController.detail(java.lang.Long)
2019-12-26 18:16:50.872 [main] INFO  o.s.w.s.m.m.a.RequestMappingHandlerMapping -Mapped "{[/tOpenApiAgentExtInfo/page],methods=[POST]}" onto public com.xy.boot.common.base.entity.ReturnDTO com.xy.boot.common.base.controller.BaseController.page(com.baomidou.mybatisplus.plugins.Page)
2019-12-26 18:16:50.872 [main] INFO  o.s.w.s.m.m.a.RequestMappingHandlerMapping -Mapped "{[/checkInfoQuery],methods=[POST]}" onto public com.xy.boot.common.base.entity.ReturnDTO com.xy.boot.open.controller.CheckInfoQueryController.checkInfoQuery(com.xy.boot.open.model.params.CheckInfoQueryParam,org.springframework.validation.BindingResult)
2019-12-26 18:16:50.872 [main] INFO  o.s.w.s.m.m.a.RequestMappingHandlerMapping -Mapped "{[/entInfoUpload],methods=[POST]}" onto public com.xy.boot.common.base.entity.ReturnDTO com.xy.boot.open.controller.EntInfoController.entInfoUpload(com.xy.boot.open.model.params.EntInfoParam,org.springframework.validation.BindingResult)
2019-12-26 18:16:50.873 [main] INFO  o.s.w.s.m.m.a.RequestMappingHandlerMapping -Mapped "{[/menuInfoUpload],methods=[POST]}" onto public com.xy.boot.common.base.entity.ReturnDTO com.xy.boot.open.controller.MenuInfoController.channelsUpload(com.xy.boot.open.model.params.MenuInfoParam,org.springframework.validation.BindingResult)
2019-12-26 18:16:50.873 [main] INFO  o.s.w.s.m.m.a.RequestMappingHandlerMapping -Mapped "{[/relationInfoUpload],methods=[POST]}" onto public com.xy.boot.common.base.entity.ReturnDTO com.xy.boot.open.controller.MenuRelationInfoController.relationInfoUpload(com.xy.boot.open.model.params.RelationInfoParam,org.springframework.validation.BindingResult)
2019-12-26 18:16:50.874 [main] INFO  o.s.w.s.m.m.a.RequestMappingHandlerMapping -Mapped "{[/tOpenApiMuiltData/delete],methods=[POST]}" onto public com.xy.boot.common.base.entity.ReturnDTO com.xy.boot.common.base.controller.BaseController.delete(java.util.List<java.lang.Long>)
2019-12-26 18:16:50.874 [main] INFO  o.s.w.s.m.m.a.RequestMappingHandlerMapping -Mapped "{[/tOpenApiMuiltData/create],methods=[POST]}" onto public com.xy.boot.common.base.entity.ReturnDTO com.xy.boot.common.base.controller.BaseController.create(U)
2019-12-26 18:16:50.874 [main] INFO  o.s.w.s.m.m.a.RequestMappingHandlerMapping -Mapped "{[/tOpenApiMuiltData/list],methods=[GET]}" onto public com.xy.boot.common.base.entity.ReturnDTO com.xy.boot.common.base.controller.BaseController.list()
2019-12-26 18:16:50.874 [main] INFO  o.s.w.s.m.m.a.RequestMappingHandlerMapping -Mapped "{[/tOpenApiMuiltData/detail/{id}],methods=[GET]}" onto public com.xy.boot.common.base.entity.ReturnDTO com.xy.boot.common.base.controller.BaseController.detail(java.lang.Long)
2019-12-26 18:16:50.875 [main] INFO  o.s.w.s.m.m.a.RequestMappingHandlerMapping -Mapped "{[/tOpenApiMuiltData/page],methods=[POST]}" onto public com.xy.boot.common.base.entity.ReturnDTO com.xy.boot.common.base.controller.BaseController.page(com.baomidou.mybatisplus.plugins.Page)
2019-12-26 18:16:50.875 [main] INFO  o.s.w.s.m.m.a.RequestMappingHandlerMapping -Mapped "{[/channelsUpload],methods=[POST]}" onto public com.xy.boot.common.base.entity.ReturnDTO com.xy.boot.open.controller.NumInfoController.channelsUpload(com.xy.boot.open.model.params.ChannelInfoParam,org.springframework.validation.BindingResult)
2019-12-26 18:16:50.875 [main] INFO  o.s.w.s.m.m.a.RequestMappingHandlerMapping -Mapped "{[/updateStatus/offline],methods=[POST]}" onto public com.xy.boot.common.base.entity.ReturnDTO com.xy.boot.open.controller.OnOffLineController.offLine(com.xy.boot.open.model.params.UpdateStatusParam,org.springframework.validation.BindingResult)
2019-12-26 18:16:50.875 [main] INFO  o.s.w.s.m.m.a.RequestMappingHandlerMapping -Mapped "{[/updateStatus/upline],methods=[POST]}" onto public com.xy.boot.common.base.entity.ReturnDTO com.xy.boot.open.controller.OnOffLineController.online(com.xy.boot.open.model.params.UpdateStatusParam,org.springframework.validation.BindingResult)
2019-12-26 18:16:50.877 [main] INFO  o.s.w.s.m.m.a.RequestMappingHandlerMapping -Mapped "{[/pubInfoUpload],methods=[POST]}" onto public com.xy.boot.common.base.entity.ReturnDTO com.xy.boot.open.controller.PubInfoController.pubInfoUpload(com.xy.boot.open.model.params.PubInfoParam,org.springframework.validation.BindingResult)
2019-12-26 18:16:50.878 [main] INFO  o.s.w.s.m.m.a.RequestMappingHandlerMapping -Mapped "{[/pubInfoAcceptanceConfirm],methods=[POST]}" onto public com.xy.boot.common.base.entity.ReturnDTO com.xy.boot.open.controller.PubInfoController.publicInfoAcceptanceConfirm(com.xy.boot.open.model.params.PubInfoAcceptanceConfirmParam,org.springframework.validation.BindingResult)
2019-12-26 18:16:50.878 [main] INFO  o.s.w.s.m.m.a.RequestMappingHandlerMapping -Mapped "{[/pubInfoRenewContract],methods=[POST]}" onto public com.xy.boot.common.base.entity.ReturnDTO com.xy.boot.open.controller.PubInfoController.pubInfoRenewContract(com.xy.boot.open.model.params.PubInfoRenewalContractParam,org.springframework.validation.BindingResult)
2019-12-26 18:16:50.878 [main] INFO  o.s.w.s.m.m.a.RequestMappingHandlerMapping -Mapped "{[/renewContractNotice],methods=[POST]}" onto public com.xy.boot.common.base.entity.ReturnDTO com.xy.boot.open.controller.PubInfoController.pubInfoRenewContractNotice(com.xy.boot.open.model.params.PubInfoRenewalQueryParam,org.springframework.validation.BindingResult)
2019-12-26 18:16:50.878 [main] INFO  o.s.w.s.m.m.a.RequestMappingHandlerMapping -Mapped "{[/smsParseInfoUpload],methods=[POST]}" onto public com.xy.boot.common.base.entity.ReturnDTO com.xy.boot.open.controller.SmsInfoController.smsParseInfoUpload(com.xy.boot.open.model.params.SmsParseInfoParam,org.springframework.validation.BindingResult)
2019-12-26 18:16:50.878 [main] INFO  o.s.w.s.m.m.a.RequestMappingHandlerMapping -Mapped "{[/statistics/pub],methods=[POST]}" onto public com.xy.boot.common.base.entity.ReturnDTO com.xy.boot.open.controller.StatisticController.channelsUpload(com.xy.boot.open.model.params.PubStatisticDataParam,org.springframework.validation.BindingResult)
2019-12-26 18:16:50.879 [main] INFO  o.s.w.s.m.m.a.RequestMappingHandlerMapping -Mapped "{[/whiteInfoUpload],methods=[POST]}" onto public com.xy.boot.common.base.entity.ReturnDTO com.xy.boot.open.controller.WhiteInfoController.whiteInfoUpload(com.xy.boot.open.model.params.WhiteInfoParam,org.springframework.validation.BindingResult)
2019-12-26 18:16:50.879 [main] INFO  o.s.w.s.m.m.a.RequestMappingHandlerMapping -Mapped "{[/yellowPageInfoUpload],methods=[POST]}" onto public com.xy.boot.common.base.entity.ReturnDTO com.xy.boot.open.controller.YellowInfoController.channelsUpload(com.xy.boot.open.model.params.YellowInfoParam,org.springframework.validation.BindingResult)
2019-12-26 18:16:50.881 [main] INFO  o.s.w.s.m.m.a.RequestMappingHandlerMapping -Mapped "{[/error]}" onto public org.springframework.http.ResponseEntity<java.util.Map<java.lang.String, java.lang.Object>> org.springframework.boot.autoconfigure.web.servlet.error.BasicErrorController.error(javax.servlet.http.HttpServletRequest)
2019-12-26 18:16:50.881 [main] INFO  o.s.w.s.m.m.a.RequestMappingHandlerMapping -Mapped "{[/error],produces=[text/html]}" onto public org.springframework.web.servlet.ModelAndView org.springframework.boot.autoconfigure.web.servlet.error.BasicErrorController.errorHtml(javax.servlet.http.HttpServletRequest,javax.servlet.http.HttpServletResponse)
2019-12-26 18:16:50.912 [main] INFO  o.s.w.s.h.SimpleUrlHandlerMapping -Mapped URL path [/webjars/**] onto handler of type [class org.springframework.web.servlet.resource.ResourceHttpRequestHandler]
2019-12-26 18:16:50.912 [main] INFO  o.s.w.s.h.SimpleUrlHandlerMapping -Mapped URL path [/**] onto handler of type [class org.springframework.web.servlet.resource.ResourceHttpRequestHandler]
2019-12-26 18:16:50.925 [main] INFO  o.s.w.s.m.m.a.ExceptionHandlerExceptionResolver -Detected ResponseBodyAdvice implementation in encodeResponseBodyAdvice
2019-12-26 18:16:50.925 [main] INFO  o.s.w.s.m.m.a.ExceptionHandlerExceptionResolver -Detected @ExceptionHandler methods in xyExceptionHandler
2019-12-26 18:16:51.240 [main] INFO  o.s.u.f.SpringTemplateLoader -SpringTemplateLoader for FreeMarker: using resource loader [org.springframework.boot.web.servlet.context.AnnotationConfigServletWebServerApplicationContext@366647c2: startup date [Thu Dec 26 18:16:46 CST 2019]; root of context hierarchy] and template loader path [classpath:/templates/]
2019-12-26 18:16:51.241 [main] INFO  o.s.w.s.v.f.FreeMarkerConfigurer -ClassTemplateLoader for Spring macros added to FreeMarker configuration
2019-12-26 18:16:51.415 [main] INFO  o.s.j.e.a.AnnotationMBeanExporter -Registering beans for JMX exposure on startup
2019-12-26 18:16:51.426 [main] INFO  o.a.coyote.http11.Http11NioProtocol -Starting ProtocolHandler ["http-nio-9901"]
2019-12-26 18:16:51.430 [main] ERROR o.a.catalina.core.StandardService -Failed to start connector [Connector[HTTP/1.1-9901]]
org.apache.catalina.LifecycleException: Failed to start component [Connector[HTTP/1.1-9901]]
	at org.apache.catalina.util.LifecycleBase.start(LifecycleBase.java:167)
	at org.apache.catalina.core.StandardService.addConnector(StandardService.java:225)
	at org.springframework.boot.web.embedded.tomcat.TomcatWebServer.addPreviouslyRemovedConnectors(TomcatWebServer.java:256)
	at org.springframework.boot.web.embedded.tomcat.TomcatWebServer.start(TomcatWebServer.java:198)
	at org.springframework.boot.web.servlet.context.ServletWebServerApplicationContext.startWebServer(ServletWebServerApplicationContext.java:300)
	at org.springframework.boot.web.servlet.context.ServletWebServerApplicationContext.finishRefresh(ServletWebServerApplicationContext.java:162)
	at org.springframework.context.support.AbstractApplicationContext.refresh(AbstractApplicationContext.java:553)
	at org.springframework.boot.web.servlet.context.ServletWebServerApplicationContext.refresh(ServletWebServerApplicationContext.java:140)
	at org.springframework.boot.SpringApplication.refresh(SpringApplication.java:759)
	at org.springframework.boot.SpringApplication.refreshContext(SpringApplication.java:395)
	at org.springframework.boot.SpringApplication.run(SpringApplication.java:327)
	at com.xy.boot.open.OpenApiApplication.main(OpenApiApplication.java:25)
Caused by: org.apache.catalina.LifecycleException: Protocol handler start failed
	at org.apache.catalina.connector.Connector.startInternal(Connector.java:1020)
	at org.apache.catalina.util.LifecycleBase.start(LifecycleBase.java:150)
	... 11 common frames omitted
Caused by: java.net.BindException: Address already in use: bind
	at sun.nio.ch.Net.bind0(Native Method)
	at sun.nio.ch.Net.bind(Net.java:433)
	at sun.nio.ch.Net.bind(Net.java:425)
	at sun.nio.ch.ServerSocketChannelImpl.bind(ServerSocketChannelImpl.java:223)
	at sun.nio.ch.ServerSocketAdaptor.bind(ServerSocketAdaptor.java:74)
	at org.apache.tomcat.util.net.NioEndpoint.bind(NioEndpoint.java:210)
	at org.apache.tomcat.util.net.AbstractEndpoint.start(AbstractEndpoint.java:1150)
	at org.apache.coyote.AbstractProtocol.start(AbstractProtocol.java:591)
	at org.apache.catalina.connector.Connector.startInternal(Connector.java:1018)
	... 12 common frames omitted
2019-12-26 18:16:51.433 [main] INFO  o.a.coyote.http11.Http11NioProtocol -Pausing ProtocolHandler ["http-nio-9901"]
2019-12-26 18:16:51.433 [main] INFO  o.a.catalina.core.StandardService -Stopping service [Tomcat]
2019-12-26 18:16:51.438 [main] INFO  o.apache.catalina.util.LifecycleBase -The stop() method was called on component [StandardServer[-1]] after stop() had already been called. The second call will be ignored.
2019-12-26 18:16:51.438 [main] INFO  o.a.coyote.http11.Http11NioProtocol -Stopping ProtocolHandler ["http-nio-9901"]
2019-12-26 18:16:51.439 [main] INFO  o.a.coyote.http11.Http11NioProtocol -Destroying ProtocolHandler ["http-nio-9901"]
2019-12-26 18:16:51.440 [main] INFO  o.s.b.a.l.ConditionEvaluationReportLoggingListener -

Error starting ApplicationContext. To display the conditions report re-run your application with 'debug' enabled.
2019-12-26 18:16:51.442 [main] ERROR o.s.b.d.LoggingFailureAnalysisReporter -

***************************
APPLICATION FAILED TO START
***************************

Description:

The Tomcat connector configured to listen on port 9901 failed to start. The port may already be in use or the connector may be misconfigured.

Action:

Verify the connector's configuration, identify and stop any process that's listening on port 9901, or configure this application to listen on another port.

2019-12-26 18:16:51.443 [main] INFO  o.s.b.w.s.c.AnnotationConfigServletWebServerApplicationContext -Closing org.springframework.boot.web.servlet.context.AnnotationConfigServletWebServerApplicationContext@366647c2: startup date [Thu Dec 26 18:16:46 CST 2019]; root of context hierarchy
2019-12-26 18:16:51.445 [main] INFO  o.s.j.e.a.AnnotationMBeanExporter -Unregistering JMX-exposed beans on shutdown
2019-12-26 18:17:22.490 [main] INFO  com.xy.boot.open.OpenApiApplication -Starting OpenApiApplication on DESKTOP-S57A7AI with PID 19664 (D:\github_test\docker_images_test\openplatform-api\target\classes started by Administrator in D:\github_test\docker_images_test\openplatform-api)
2019-12-26 18:17:22.492 [main] INFO  com.xy.boot.open.OpenApiApplication -The following profiles are active: dev
2019-12-26 18:17:22.530 [main] INFO  o.s.b.w.s.c.AnnotationConfigServletWebServerApplicationContext -Refreshing org.springframework.boot.web.servlet.context.AnnotationConfigServletWebServerApplicationContext@4e7912d8: startup date [Thu Dec 26 18:17:22 CST 2019]; root of context hierarchy
2019-12-26 18:17:23.185 [main] INFO  o.s.d.r.c.RepositoryConfigurationDelegate -Multiple Spring Data modules found, entering strict repository configuration mode!
2019-12-26 18:17:23.588 [main] INFO  o.s.c.s.PostProcessorRegistrationDelegate$BeanPostProcessorChecker -Bean 'org.springframework.boot.context.properties.ConversionServiceDeducer$Factory' of type [org.springframework.boot.context.properties.ConversionServiceDeducer$Factory] is not eligible for getting processed by all BeanPostProcessors (for example: not eligible for auto-proxying)
2019-12-26 18:17:23.648 [main] INFO  o.s.c.s.PostProcessorRegistrationDelegate$BeanPostProcessorChecker -Bean 'spring.datasource.dynamic-com.baomidou.dynamic.datasource.spring.boot.autoconfigure.DynamicDataSourceProperties' of type [com.baomidou.dynamic.datasource.spring.boot.autoconfigure.DynamicDataSourceProperties] is not eligible for getting processed by all BeanPostProcessors (for example: not eligible for auto-proxying)
2019-12-26 18:17:23.651 [main] INFO  o.s.c.s.PostProcessorRegistrationDelegate$BeanPostProcessorChecker -Bean 'com.baomidou.dynamic.datasource.spring.boot.autoconfigure.DynamicDataSourceAutoConfiguration' of type [com.baomidou.dynamic.datasource.spring.boot.autoconfigure.DynamicDataSourceAutoConfiguration$$EnhancerBySpringCGLIB$$2c057c07] is not eligible for getting processed by all BeanPostProcessors (for example: not eligible for auto-proxying)
2019-12-26 18:17:23.663 [main] INFO  o.s.c.s.PostProcessorRegistrationDelegate$BeanPostProcessorChecker -Bean 'dynamicDataSourceSpelParser' of type [com.baomidou.dynamic.datasource.spel.DefaultDynamicDataSourceSpelParser] is not eligible for getting processed by all BeanPostProcessors (for example: not eligible for auto-proxying)
2019-12-26 18:17:23.667 [main] INFO  o.s.c.s.PostProcessorRegistrationDelegate$BeanPostProcessorChecker -Bean 'dynamicDataSourceSpelResolver' of type [com.baomidou.dynamic.datasource.spel.DefaultDynamicDataSourceSpelResolver] is not eligible for getting processed by all BeanPostProcessors (for example: not eligible for auto-proxying)
2019-12-26 18:17:23.673 [main] INFO  o.s.c.s.PostProcessorRegistrationDelegate$BeanPostProcessorChecker -Bean 'dynamicDatasourceAnnotationAdvisor' of type [com.baomidou.dynamic.datasource.aop.DynamicDataSourceAnnotationAdvisor] is not eligible for getting processed by all BeanPostProcessors (for example: not eligible for auto-proxying)
2019-12-26 18:17:23.677 [main] INFO  o.s.c.s.PostProcessorRegistrationDelegate$BeanPostProcessorChecker -Bean 'org.springframework.transaction.annotation.ProxyTransactionManagementConfiguration' of type [org.springframework.transaction.annotation.ProxyTransactionManagementConfiguration$$EnhancerBySpringCGLIB$$c2770b36] is not eligible for getting processed by all BeanPostProcessors (for example: not eligible for auto-proxying)
2019-12-26 18:17:23.922 [main] INFO  o.s.b.w.e.tomcat.TomcatWebServer -Tomcat initialized with port(s): 9903 (http)
2019-12-26 18:17:23.931 [main] INFO  o.a.coyote.http11.Http11NioProtocol -Initializing ProtocolHandler ["http-nio-9903"]
2019-12-26 18:17:23.939 [main] INFO  o.a.catalina.core.StandardService -Starting service [Tomcat]
2019-12-26 18:17:23.940 [main] INFO  o.a.catalina.core.StandardEngine -Starting Servlet Engine: Apache Tomcat/8.5.29
2019-12-26 18:17:23.943 [localhost-startStop-1] INFO  o.a.c.core.AprLifecycleListener -The APR based Apache Tomcat Native library which allows optimal performance in production environments was not found on the java.library.path: [C:\Program Files\Java\jdk1.8.0_144\bin;C:\Windows\Sun\Java\bin;C:\Windows\system32;C:\Windows;C:\ProgramData\DockerDesktop\version-bin;C:\Program Files\Docker\Docker\Resources\bin;F:\tools\dev\Xshell6\;C:\ProgramData\Oracle\Java\javapath;C:\Windows\system32;C:\Windows;C:\Windows\System32\Wbem;C:\Windows\System32\WindowsPowerShell\v1.0\;C:\Windows\System32\OpenSSH\;C:\Program Files\TortoiseSVN\bin;C:\Program Files\Java\jdk1.8.0_144\bin;C:\Program Files\Java\jdk1.8.0_144\jre\bin;F:\tools\dev\Git\cmd;F:\tools\dev\apache-ant-1.10.6\bin;F:\tools\dev\nodejs;F:\tools\dev\OpenVPN\bin;F:\tools\dev\apache-maven-3.6.1\bin;C:\Users\Administrator\node_modules\.bin;F:\Python\Python37\Scripts\;F:\Python\Python37\;C:\Users\Administrator\AppData\Local\Microsoft\WindowsApps;C:\Users\Administrator\AppData\Roaming\npm;.]
2019-12-26 18:17:24.077 [localhost-startStop-1] INFO  o.a.c.c.C.[.[localhost].[/open/api] -Initializing Spring embedded WebApplicationContext
2019-12-26 18:17:24.077 [localhost-startStop-1] INFO  o.s.web.context.ContextLoader -Root WebApplicationContext: initialization completed in 1547 ms
2019-12-26 18:17:24.209 [localhost-startStop-1] INFO  o.s.b.w.s.ServletRegistrationBean -Servlet dispatcherServlet mapped to [/]
2019-12-26 18:17:24.213 [localhost-startStop-1] INFO  o.s.b.w.s.FilterRegistrationBean -Mapping filter: 'characterEncodingFilter' to: [/*]
2019-12-26 18:17:24.214 [localhost-startStop-1] INFO  o.s.b.w.s.FilterRegistrationBean -Mapping filter: 'hiddenHttpMethodFilter' to: [/*]
2019-12-26 18:17:24.214 [localhost-startStop-1] INFO  o.s.b.w.s.FilterRegistrationBean -Mapping filter: 'httpPutFormContentFilter' to: [/*]
2019-12-26 18:17:24.214 [localhost-startStop-1] INFO  o.s.b.w.s.FilterRegistrationBean -Mapping filter: 'requestContextFilter' to: [/*]
2019-12-26 18:17:24.343 [main] INFO  com.zaxxer.hikari.HikariDataSource -master - Starting...
2019-12-26 18:17:25.088 [main] INFO  com.zaxxer.hikari.HikariDataSource -master - Start completed.
2019-12-26 18:17:25.088 [main] INFO  com.zaxxer.hikari.HikariDataSource -publicnum - Starting...
2019-12-26 18:17:25.849 [main] INFO  com.zaxxer.hikari.HikariDataSource -publicnum - Start completed.
2019-12-26 18:17:25.849 [main] INFO  c.b.d.d.DynamicRoutingDataSource -初始共加载 2 个数据源
2019-12-26 18:17:25.849 [main] INFO  c.b.d.d.DynamicRoutingDataSource -动态数据源-加载 master 成功
2019-12-26 18:17:25.850 [main] INFO  c.b.d.d.DynamicRoutingDataSource -动态数据源-加载 publicnum 成功
2019-12-26 18:17:25.850 [main] INFO  c.b.d.d.DynamicRoutingDataSource -当前的默认数据源是单数据源，数据源名为 master
2019-12-26 18:17:26.995 [main] INFO  c.x.boot.open.util.SensitiveWordUtil -敏感词库路径 = classpath:data/sensitive-word.txt
2019-12-26 18:17:27.000 [main] INFO  c.x.boot.open.util.SensitiveWordUtil -成功载入1891个敏感词
2019-12-26 18:17:27.340 [main] INFO  o.s.w.s.h.SimpleUrlHandlerMapping -Mapped URL path [/**/favicon.ico] onto handler of type [class org.springframework.web.servlet.resource.ResourceHttpRequestHandler]
2019-12-26 18:17:27.566 [main] INFO  o.s.w.s.m.m.a.RequestMappingHandlerAdapter -Looking for @ControllerAdvice: org.springframework.boot.web.servlet.context.AnnotationConfigServletWebServerApplicationContext@4e7912d8: startup date [Thu Dec 26 18:17:22 CST 2019]; root of context hierarchy
2019-12-26 18:17:27.572 [main] INFO  o.s.w.s.m.m.a.RequestMappingHandlerAdapter -Detected RequestBodyAdvice bean in decodeRequestBodyAdvice
2019-12-26 18:17:27.573 [main] INFO  o.s.w.s.m.m.a.RequestMappingHandlerAdapter -Detected ResponseBodyAdvice bean in encodeResponseBodyAdvice
2019-12-26 18:17:27.612 [main] INFO  o.s.w.s.m.m.a.RequestMappingHandlerMapping -Mapped "{[/actionInfoUpload],methods=[POST]}" onto public com.xy.boot.common.base.entity.ReturnDTO com.xy.boot.open.controller.ActionInfoController.actionInfoUpload(com.xy.boot.open.model.params.ActionInfoParam,org.springframework.validation.BindingResult)
2019-12-26 18:17:27.614 [main] INFO  o.s.w.s.m.m.a.RequestMappingHandlerMapping -Mapped "{[/tOpenApiAgentExtInfo/delete],methods=[POST]}" onto public com.xy.boot.common.base.entity.ReturnDTO com.xy.boot.common.base.controller.BaseController.delete(java.util.List<java.lang.Long>)
2019-12-26 18:17:27.614 [main] INFO  o.s.w.s.m.m.a.RequestMappingHandlerMapping -Mapped "{[/tOpenApiAgentExtInfo/create],methods=[POST]}" onto public com.xy.boot.common.base.entity.ReturnDTO com.xy.boot.common.base.controller.BaseController.create(U)
2019-12-26 18:17:27.614 [main] INFO  o.s.w.s.m.m.a.RequestMappingHandlerMapping -Mapped "{[/tOpenApiAgentExtInfo/list],methods=[GET]}" onto public com.xy.boot.common.base.entity.ReturnDTO com.xy.boot.common.base.controller.BaseController.list()
2019-12-26 18:17:27.615 [main] INFO  o.s.w.s.m.m.a.RequestMappingHandlerMapping -Mapped "{[/tOpenApiAgentExtInfo/detail/{id}],methods=[GET]}" onto public com.xy.boot.common.base.entity.ReturnDTO com.xy.boot.common.base.controller.BaseController.detail(java.lang.Long)
2019-12-26 18:17:27.615 [main] INFO  o.s.w.s.m.m.a.RequestMappingHandlerMapping -Mapped "{[/tOpenApiAgentExtInfo/page],methods=[POST]}" onto public com.xy.boot.common.base.entity.ReturnDTO com.xy.boot.common.base.controller.BaseController.page(com.baomidou.mybatisplus.plugins.Page)
2019-12-26 18:17:27.615 [main] INFO  o.s.w.s.m.m.a.RequestMappingHandlerMapping -Mapped "{[/checkInfoQuery],methods=[POST]}" onto public com.xy.boot.common.base.entity.ReturnDTO com.xy.boot.open.controller.CheckInfoQueryController.checkInfoQuery(com.xy.boot.open.model.params.CheckInfoQueryParam,org.springframework.validation.BindingResult)
2019-12-26 18:17:27.615 [main] INFO  o.s.w.s.m.m.a.RequestMappingHandlerMapping -Mapped "{[/entInfoUpload],methods=[POST]}" onto public com.xy.boot.common.base.entity.ReturnDTO com.xy.boot.open.controller.EntInfoController.entInfoUpload(com.xy.boot.open.model.params.EntInfoParam,org.springframework.validation.BindingResult)
2019-12-26 18:17:27.615 [main] INFO  o.s.w.s.m.m.a.RequestMappingHandlerMapping -Mapped "{[/menuInfoUpload],methods=[POST]}" onto public com.xy.boot.common.base.entity.ReturnDTO com.xy.boot.open.controller.MenuInfoController.channelsUpload(com.xy.boot.open.model.params.MenuInfoParam,org.springframework.validation.BindingResult)
2019-12-26 18:17:27.616 [main] INFO  o.s.w.s.m.m.a.RequestMappingHandlerMapping -Mapped "{[/relationInfoUpload],methods=[POST]}" onto public com.xy.boot.common.base.entity.ReturnDTO com.xy.boot.open.controller.MenuRelationInfoController.relationInfoUpload(com.xy.boot.open.model.params.RelationInfoParam,org.springframework.validation.BindingResult)
2019-12-26 18:17:27.617 [main] INFO  o.s.w.s.m.m.a.RequestMappingHandlerMapping -Mapped "{[/tOpenApiMuiltData/delete],methods=[POST]}" onto public com.xy.boot.common.base.entity.ReturnDTO com.xy.boot.common.base.controller.BaseController.delete(java.util.List<java.lang.Long>)
2019-12-26 18:17:27.617 [main] INFO  o.s.w.s.m.m.a.RequestMappingHandlerMapping -Mapped "{[/tOpenApiMuiltData/create],methods=[POST]}" onto public com.xy.boot.common.base.entity.ReturnDTO com.xy.boot.common.base.controller.BaseController.create(U)
2019-12-26 18:17:27.617 [main] INFO  o.s.w.s.m.m.a.RequestMappingHandlerMapping -Mapped "{[/tOpenApiMuiltData/list],methods=[GET]}" onto public com.xy.boot.common.base.entity.ReturnDTO com.xy.boot.common.base.controller.BaseController.list()
2019-12-26 18:17:27.617 [main] INFO  o.s.w.s.m.m.a.RequestMappingHandlerMapping -Mapped "{[/tOpenApiMuiltData/detail/{id}],methods=[GET]}" onto public com.xy.boot.common.base.entity.ReturnDTO com.xy.boot.common.base.controller.BaseController.detail(java.lang.Long)
2019-12-26 18:17:27.617 [main] INFO  o.s.w.s.m.m.a.RequestMappingHandlerMapping -Mapped "{[/tOpenApiMuiltData/page],methods=[POST]}" onto public com.xy.boot.common.base.entity.ReturnDTO com.xy.boot.common.base.controller.BaseController.page(com.baomidou.mybatisplus.plugins.Page)
2019-12-26 18:17:27.618 [main] INFO  o.s.w.s.m.m.a.RequestMappingHandlerMapping -Mapped "{[/channelsUpload],methods=[POST]}" onto public com.xy.boot.common.base.entity.ReturnDTO com.xy.boot.open.controller.NumInfoController.channelsUpload(com.xy.boot.open.model.params.ChannelInfoParam,org.springframework.validation.BindingResult)
2019-12-26 18:17:27.618 [main] INFO  o.s.w.s.m.m.a.RequestMappingHandlerMapping -Mapped "{[/updateStatus/offline],methods=[POST]}" onto public com.xy.boot.common.base.entity.ReturnDTO com.xy.boot.open.controller.OnOffLineController.offLine(com.xy.boot.open.model.params.UpdateStatusParam,org.springframework.validation.BindingResult)
2019-12-26 18:17:27.618 [main] INFO  o.s.w.s.m.m.a.RequestMappingHandlerMapping -Mapped "{[/updateStatus/upline],methods=[POST]}" onto public com.xy.boot.common.base.entity.ReturnDTO com.xy.boot.open.controller.OnOffLineController.online(com.xy.boot.open.model.params.UpdateStatusParam,org.springframework.validation.BindingResult)
2019-12-26 18:17:27.620 [main] INFO  o.s.w.s.m.m.a.RequestMappingHandlerMapping -Mapped "{[/pubInfoAcceptanceConfirm],methods=[POST]}" onto public com.xy.boot.common.base.entity.ReturnDTO com.xy.boot.open.controller.PubInfoController.publicInfoAcceptanceConfirm(com.xy.boot.open.model.params.PubInfoAcceptanceConfirmParam,org.springframework.validation.BindingResult)
2019-12-26 18:17:27.620 [main] INFO  o.s.w.s.m.m.a.RequestMappingHandlerMapping -Mapped "{[/renewContractNotice],methods=[POST]}" onto public com.xy.boot.common.base.entity.ReturnDTO com.xy.boot.open.controller.PubInfoController.pubInfoRenewContractNotice(com.xy.boot.open.model.params.PubInfoRenewalQueryParam,org.springframework.validation.BindingResult)
2019-12-26 18:17:27.621 [main] INFO  o.s.w.s.m.m.a.RequestMappingHandlerMapping -Mapped "{[/pubInfoRenewContract],methods=[POST]}" onto public com.xy.boot.common.base.entity.ReturnDTO com.xy.boot.open.controller.PubInfoController.pubInfoRenewContract(com.xy.boot.open.model.params.PubInfoRenewalContractParam,org.springframework.validation.BindingResult)
2019-12-26 18:17:27.621 [main] INFO  o.s.w.s.m.m.a.RequestMappingHandlerMapping -Mapped "{[/pubInfoUpload],methods=[POST]}" onto public com.xy.boot.common.base.entity.ReturnDTO com.xy.boot.open.controller.PubInfoController.pubInfoUpload(com.xy.boot.open.model.params.PubInfoParam,org.springframework.validation.BindingResult)
2019-12-26 18:17:27.621 [main] INFO  o.s.w.s.m.m.a.RequestMappingHandlerMapping -Mapped "{[/smsParseInfoUpload],methods=[POST]}" onto public com.xy.boot.common.base.entity.ReturnDTO com.xy.boot.open.controller.SmsInfoController.smsParseInfoUpload(com.xy.boot.open.model.params.SmsParseInfoParam,org.springframework.validation.BindingResult)
2019-12-26 18:17:27.621 [main] INFO  o.s.w.s.m.m.a.RequestMappingHandlerMapping -Mapped "{[/statistics/pub],methods=[POST]}" onto public com.xy.boot.common.base.entity.ReturnDTO com.xy.boot.open.controller.StatisticController.channelsUpload(com.xy.boot.open.model.params.PubStatisticDataParam,org.springframework.validation.BindingResult)
2019-12-26 18:17:27.622 [main] INFO  o.s.w.s.m.m.a.RequestMappingHandlerMapping -Mapped "{[/whiteInfoUpload],methods=[POST]}" onto public com.xy.boot.common.base.entity.ReturnDTO com.xy.boot.open.controller.WhiteInfoController.whiteInfoUpload(com.xy.boot.open.model.params.WhiteInfoParam,org.springframework.validation.BindingResult)
2019-12-26 18:17:27.622 [main] INFO  o.s.w.s.m.m.a.RequestMappingHandlerMapping -Mapped "{[/yellowPageInfoUpload],methods=[POST]}" onto public com.xy.boot.common.base.entity.ReturnDTO com.xy.boot.open.controller.YellowInfoController.channelsUpload(com.xy.boot.open.model.params.YellowInfoParam,org.springframework.validation.BindingResult)
2019-12-26 18:17:27.624 [main] INFO  o.s.w.s.m.m.a.RequestMappingHandlerMapping -Mapped "{[/error]}" onto public org.springframework.http.ResponseEntity<java.util.Map<java.lang.String, java.lang.Object>> org.springframework.boot.autoconfigure.web.servlet.error.BasicErrorController.error(javax.servlet.http.HttpServletRequest)
2019-12-26 18:17:27.624 [main] INFO  o.s.w.s.m.m.a.RequestMappingHandlerMapping -Mapped "{[/error],produces=[text/html]}" onto public org.springframework.web.servlet.ModelAndView org.springframework.boot.autoconfigure.web.servlet.error.BasicErrorController.errorHtml(javax.servlet.http.HttpServletRequest,javax.servlet.http.HttpServletResponse)
2019-12-26 18:17:27.655 [main] INFO  o.s.w.s.h.SimpleUrlHandlerMapping -Mapped URL path [/webjars/**] onto handler of type [class org.springframework.web.servlet.resource.ResourceHttpRequestHandler]
2019-12-26 18:17:27.655 [main] INFO  o.s.w.s.h.SimpleUrlHandlerMapping -Mapped URL path [/**] onto handler of type [class org.springframework.web.servlet.resource.ResourceHttpRequestHandler]
2019-12-26 18:17:27.668 [main] INFO  o.s.w.s.m.m.a.ExceptionHandlerExceptionResolver -Detected ResponseBodyAdvice implementation in encodeResponseBodyAdvice
2019-12-26 18:17:27.668 [main] INFO  o.s.w.s.m.m.a.ExceptionHandlerExceptionResolver -Detected @ExceptionHandler methods in xyExceptionHandler
2019-12-26 18:17:27.992 [main] INFO  o.s.u.f.SpringTemplateLoader -SpringTemplateLoader for FreeMarker: using resource loader [org.springframework.boot.web.servlet.context.AnnotationConfigServletWebServerApplicationContext@4e7912d8: startup date [Thu Dec 26 18:17:22 CST 2019]; root of context hierarchy] and template loader path [classpath:/templates/]
2019-12-26 18:17:27.993 [main] INFO  o.s.w.s.v.f.FreeMarkerConfigurer -ClassTemplateLoader for Spring macros added to FreeMarker configuration
2019-12-26 18:17:28.176 [main] INFO  o.s.j.e.a.AnnotationMBeanExporter -Registering beans for JMX exposure on startup
2019-12-26 18:17:28.187 [main] INFO  o.a.coyote.http11.Http11NioProtocol -Starting ProtocolHandler ["http-nio-9903"]
2019-12-26 18:17:28.195 [main] INFO  o.a.tomcat.util.net.NioSelectorPool -Using a shared selector for servlet write/read
2019-12-26 18:17:28.207 [main] INFO  o.s.b.w.e.tomcat.TomcatWebServer -Tomcat started on port(s): 9903 (http) with context path '/open/api'
2019-12-26 18:17:28.210 [main] INFO  com.xy.boot.open.OpenApiApplication -Started OpenApiApplication in 6.053 seconds (JVM running for 6.965)
2019-12-26 18:17:28.212 [main] INFO  com.xy.boot.open.OpenApiApplication -PortalApplication is success!
2019-12-26 18:17:47.108 [http-nio-9903-exec-1] INFO  o.a.c.c.C.[.[localhost].[/open/api] -Initializing Spring FrameworkServlet 'dispatcherServlet'
2019-12-26 18:17:47.108 [http-nio-9903-exec-1] INFO  o.s.web.servlet.DispatcherServlet -FrameworkServlet 'dispatcherServlet': initialization started
2019-12-26 18:17:47.132 [http-nio-9903-exec-1] INFO  o.s.web.servlet.DispatcherServlet -FrameworkServlet 'dispatcherServlet': initialization completed in 24 ms
2019-12-26 18:17:47.860 [http-nio-9903-exec-1] ERROR com.xy.boot.open.util.MyAESutils -null
java.lang.IllegalArgumentException: Null input buffer
	at javax.crypto.Cipher.doFinal(Cipher.java:2161)
	at com.xy.boot.open.util.MyAESutils.decryptToByte(MyAESutils.java:108)
	at com.xy.boot.open.interceptor.DecodeRequestBodyAdvice.beforeBodyRead(DecodeRequestBodyAdvice.java:84)
	at org.springframework.web.servlet.mvc.method.annotation.RequestResponseBodyAdviceChain.beforeBodyRead(RequestResponseBodyAdviceChain.java:88)
	at org.springframework.web.servlet.mvc.method.annotation.AbstractMessageConverterMethodArgumentResolver.readWithMessageConverters(AbstractMessageConverterMethodArgumentResolver.java:205)
	at org.springframework.web.servlet.mvc.method.annotation.RequestResponseBodyMethodProcessor.readWithMessageConverters(RequestResponseBodyMethodProcessor.java:157)
	at org.springframework.web.servlet.mvc.method.annotation.RequestResponseBodyMethodProcessor.resolveArgument(RequestResponseBodyMethodProcessor.java:130)
	at org.springframework.web.method.support.HandlerMethodArgumentResolverComposite.resolveArgument(HandlerMethodArgumentResolverComposite.java:124)
	at org.springframework.web.method.support.InvocableHandlerMethod.getMethodArgumentValues(InvocableHandlerMethod.java:161)
	at org.springframework.web.method.support.InvocableHandlerMethod.invokeForRequest(InvocableHandlerMethod.java:131)
	at org.springframework.web.servlet.mvc.method.annotation.ServletInvocableHandlerMethod.invokeAndHandle(ServletInvocableHandlerMethod.java:102)
	at org.springframework.web.servlet.mvc.method.annotation.RequestMappingHandlerAdapter.invokeHandlerMethod(RequestMappingHandlerAdapter.java:877)
	at org.springframework.web.servlet.mvc.method.annotation.RequestMappingHandlerAdapter.handleInternal(RequestMappingHandlerAdapter.java:783)
	at org.springframework.web.servlet.mvc.method.AbstractHandlerMethodAdapter.handle(AbstractHandlerMethodAdapter.java:87)
	at org.springframework.web.servlet.DispatcherServlet.doDispatch(DispatcherServlet.java:991)
	at org.springframework.web.servlet.DispatcherServlet.doService(DispatcherServlet.java:925)
	at org.springframework.web.servlet.FrameworkServlet.processRequest(FrameworkServlet.java:974)
	at org.springframework.web.servlet.FrameworkServlet.doPost(FrameworkServlet.java:877)
	at javax.servlet.http.HttpServlet.service(HttpServlet.java:661)
	at org.springframework.web.servlet.FrameworkServlet.service(FrameworkServlet.java:851)
	at javax.servlet.http.HttpServlet.service(HttpServlet.java:742)
	at org.apache.catalina.core.ApplicationFilterChain.internalDoFilter(ApplicationFilterChain.java:231)
	at org.apache.catalina.core.ApplicationFilterChain.doFilter(ApplicationFilterChain.java:166)
	at org.apache.tomcat.websocket.server.WsFilter.doFilter(WsFilter.java:52)
	at org.apache.catalina.core.ApplicationFilterChain.internalDoFilter(ApplicationFilterChain.java:193)
	at org.apache.catalina.core.ApplicationFilterChain.doFilter(ApplicationFilterChain.java:166)
	at org.springframework.web.filter.RequestContextFilter.doFilterInternal(RequestContextFilter.java:99)
	at org.springframework.web.filter.OncePerRequestFilter.doFilter(OncePerRequestFilter.java:107)
	at org.apache.catalina.core.ApplicationFilterChain.internalDoFilter(ApplicationFilterChain.java:193)
	at org.apache.catalina.core.ApplicationFilterChain.doFilter(ApplicationFilterChain.java:166)
	at org.springframework.web.filter.HttpPutFormContentFilter.doFilterInternal(HttpPutFormContentFilter.java:109)
	at org.springframework.web.filter.OncePerRequestFilter.doFilter(OncePerRequestFilter.java:107)
	at org.apache.catalina.core.ApplicationFilterChain.internalDoFilter(ApplicationFilterChain.java:193)
	at org.apache.catalina.core.ApplicationFilterChain.doFilter(ApplicationFilterChain.java:166)
	at org.springframework.web.filter.HiddenHttpMethodFilter.doFilterInternal(HiddenHttpMethodFilter.java:81)
	at org.springframework.web.filter.OncePerRequestFilter.doFilter(OncePerRequestFilter.java:107)
	at org.apache.catalina.core.ApplicationFilterChain.internalDoFilter(ApplicationFilterChain.java:193)
	at org.apache.catalina.core.ApplicationFilterChain.doFilter(ApplicationFilterChain.java:166)
	at org.springframework.web.filter.CharacterEncodingFilter.doFilterInternal(CharacterEncodingFilter.java:200)
	at org.springframework.web.filter.OncePerRequestFilter.doFilter(OncePerRequestFilter.java:107)
	at org.apache.catalina.core.ApplicationFilterChain.internalDoFilter(ApplicationFilterChain.java:193)
	at org.apache.catalina.core.ApplicationFilterChain.doFilter(ApplicationFilterChain.java:166)
	at org.apache.catalina.core.StandardWrapperValve.invoke(StandardWrapperValve.java:198)
	at org.apache.catalina.core.StandardContextValve.invoke(StandardContextValve.java:96)
	at org.apache.catalina.authenticator.AuthenticatorBase.invoke(AuthenticatorBase.java:496)
	at org.apache.catalina.core.StandardHostValve.invoke(StandardHostValve.java:140)
	at org.apache.catalina.valves.ErrorReportValve.invoke(ErrorReportValve.java:81)
	at org.apache.catalina.core.StandardEngineValve.invoke(StandardEngineValve.java:87)
	at org.apache.catalina.connector.CoyoteAdapter.service(CoyoteAdapter.java:342)
	at org.apache.coyote.http11.Http11Processor.service(Http11Processor.java:803)
	at org.apache.coyote.AbstractProcessorLight.process(AbstractProcessorLight.java:66)
	at org.apache.coyote.AbstractProtocol$ConnectionHandler.process(AbstractProtocol.java:790)
	at org.apache.tomcat.util.net.NioEndpoint$SocketProcessor.doRun(NioEndpoint.java:1459)
	at org.apache.tomcat.util.net.SocketProcessorBase.run(SocketProcessorBase.java:49)
	at java.util.concurrent.ThreadPoolExecutor.runWorker(ThreadPoolExecutor.java:1149)
	at java.util.concurrent.ThreadPoolExecutor$Worker.run(ThreadPoolExecutor.java:624)
	at org.apache.tomcat.util.threads.TaskThread$WrappingRunnable.run(TaskThread.java:61)
	at java.lang.Thread.run(Thread.java:748)
2019-12-26 18:17:47.862 [http-nio-9903-exec-1] WARN  c.x.b.o.i.DecodeRequestBodyAdvice -接口协议错误
java.lang.NullPointerException: null
	at java.lang.String.<init>(String.java:491)
	at com.xy.boot.open.interceptor.DecodeRequestBodyAdvice.beforeBodyRead(DecodeRequestBodyAdvice.java:87)
	at org.springframework.web.servlet.mvc.method.annotation.RequestResponseBodyAdviceChain.beforeBodyRead(RequestResponseBodyAdviceChain.java:88)
	at org.springframework.web.servlet.mvc.method.annotation.AbstractMessageConverterMethodArgumentResolver.readWithMessageConverters(AbstractMessageConverterMethodArgumentResolver.java:205)
	at org.springframework.web.servlet.mvc.method.annotation.RequestResponseBodyMethodProcessor.readWithMessageConverters(RequestResponseBodyMethodProcessor.java:157)
	at org.springframework.web.servlet.mvc.method.annotation.RequestResponseBodyMethodProcessor.resolveArgument(RequestResponseBodyMethodProcessor.java:130)
	at org.springframework.web.method.support.HandlerMethodArgumentResolverComposite.resolveArgument(HandlerMethodArgumentResolverComposite.java:124)
	at org.springframework.web.method.support.InvocableHandlerMethod.getMethodArgumentValues(InvocableHandlerMethod.java:161)
	at org.springframework.web.method.support.InvocableHandlerMethod.invokeForRequest(InvocableHandlerMethod.java:131)
	at org.springframework.web.servlet.mvc.method.annotation.ServletInvocableHandlerMethod.invokeAndHandle(ServletInvocableHandlerMethod.java:102)
	at org.springframework.web.servlet.mvc.method.annotation.RequestMappingHandlerAdapter.invokeHandlerMethod(RequestMappingHandlerAdapter.java:877)
	at org.springframework.web.servlet.mvc.method.annotation.RequestMappingHandlerAdapter.handleInternal(RequestMappingHandlerAdapter.java:783)
	at org.springframework.web.servlet.mvc.method.AbstractHandlerMethodAdapter.handle(AbstractHandlerMethodAdapter.java:87)
	at org.springframework.web.servlet.DispatcherServlet.doDispatch(DispatcherServlet.java:991)
	at org.springframework.web.servlet.DispatcherServlet.doService(DispatcherServlet.java:925)
	at org.springframework.web.servlet.FrameworkServlet.processRequest(FrameworkServlet.java:974)
	at org.springframework.web.servlet.FrameworkServlet.doPost(FrameworkServlet.java:877)
	at javax.servlet.http.HttpServlet.service(HttpServlet.java:661)
	at org.springframework.web.servlet.FrameworkServlet.service(FrameworkServlet.java:851)
	at javax.servlet.http.HttpServlet.service(HttpServlet.java:742)
	at org.apache.catalina.core.ApplicationFilterChain.internalDoFilter(ApplicationFilterChain.java:231)
	at org.apache.catalina.core.ApplicationFilterChain.doFilter(ApplicationFilterChain.java:166)
	at org.apache.tomcat.websocket.server.WsFilter.doFilter(WsFilter.java:52)
	at org.apache.catalina.core.ApplicationFilterChain.internalDoFilter(ApplicationFilterChain.java:193)
	at org.apache.catalina.core.ApplicationFilterChain.doFilter(ApplicationFilterChain.java:166)
	at org.springframework.web.filter.RequestContextFilter.doFilterInternal(RequestContextFilter.java:99)
	at org.springframework.web.filter.OncePerRequestFilter.doFilter(OncePerRequestFilter.java:107)
	at org.apache.catalina.core.ApplicationFilterChain.internalDoFilter(ApplicationFilterChain.java:193)
	at org.apache.catalina.core.ApplicationFilterChain.doFilter(ApplicationFilterChain.java:166)
	at org.springframework.web.filter.HttpPutFormContentFilter.doFilterInternal(HttpPutFormContentFilter.java:109)
	at org.springframework.web.filter.OncePerRequestFilter.doFilter(OncePerRequestFilter.java:107)
	at org.apache.catalina.core.ApplicationFilterChain.internalDoFilter(ApplicationFilterChain.java:193)
	at org.apache.catalina.core.ApplicationFilterChain.doFilter(ApplicationFilterChain.java:166)
	at org.springframework.web.filter.HiddenHttpMethodFilter.doFilterInternal(HiddenHttpMethodFilter.java:81)
	at org.springframework.web.filter.OncePerRequestFilter.doFilter(OncePerRequestFilter.java:107)
	at org.apache.catalina.core.ApplicationFilterChain.internalDoFilter(ApplicationFilterChain.java:193)
	at org.apache.catalina.core.ApplicationFilterChain.doFilter(ApplicationFilterChain.java:166)
	at org.springframework.web.filter.CharacterEncodingFilter.doFilterInternal(CharacterEncodingFilter.java:200)
	at org.springframework.web.filter.OncePerRequestFilter.doFilter(OncePerRequestFilter.java:107)
	at org.apache.catalina.core.ApplicationFilterChain.internalDoFilter(ApplicationFilterChain.java:193)
	at org.apache.catalina.core.ApplicationFilterChain.doFilter(ApplicationFilterChain.java:166)
	at org.apache.catalina.core.StandardWrapperValve.invoke(StandardWrapperValve.java:198)
	at org.apache.catalina.core.StandardContextValve.invoke(StandardContextValve.java:96)
	at org.apache.catalina.authenticator.AuthenticatorBase.invoke(AuthenticatorBase.java:496)
	at org.apache.catalina.core.StandardHostValve.invoke(StandardHostValve.java:140)
	at org.apache.catalina.valves.ErrorReportValve.invoke(ErrorReportValve.java:81)
	at org.apache.catalina.core.StandardEngineValve.invoke(StandardEngineValve.java:87)
	at org.apache.catalina.connector.CoyoteAdapter.service(CoyoteAdapter.java:342)
	at org.apache.coyote.http11.Http11Processor.service(Http11Processor.java:803)
	at org.apache.coyote.AbstractProcessorLight.process(AbstractProcessorLight.java:66)
	at org.apache.coyote.AbstractProtocol$ConnectionHandler.process(AbstractProtocol.java:790)
	at org.apache.tomcat.util.net.NioEndpoint$SocketProcessor.doRun(NioEndpoint.java:1459)
	at org.apache.tomcat.util.net.SocketProcessorBase.run(SocketProcessorBase.java:49)
	at java.util.concurrent.ThreadPoolExecutor.runWorker(ThreadPoolExecutor.java:1149)
	at java.util.concurrent.ThreadPoolExecutor$Worker.run(ThreadPoolExecutor.java:624)
	at org.apache.tomcat.util.threads.TaskThread$WrappingRunnable.run(TaskThread.java:61)
	at java.lang.Thread.run(Thread.java:748)
2019-12-26 18:17:47.863 [http-nio-9903-exec-1] ERROR c.x.b.common.exception.XyException -null
com.xy.boot.common.exception.XyException: 接口协议错误！
	at com.xy.boot.open.interceptor.DecodeRequestBodyAdvice.beforeBodyRead(DecodeRequestBodyAdvice.java:98)
	at org.springframework.web.servlet.mvc.method.annotation.RequestResponseBodyAdviceChain.beforeBodyRead(RequestResponseBodyAdviceChain.java:88)
	at org.springframework.web.servlet.mvc.method.annotation.AbstractMessageConverterMethodArgumentResolver.readWithMessageConverters(AbstractMessageConverterMethodArgumentResolver.java:205)
	at org.springframework.web.servlet.mvc.method.annotation.RequestResponseBodyMethodProcessor.readWithMessageConverters(RequestResponseBodyMethodProcessor.java:157)
	at org.springframework.web.servlet.mvc.method.annotation.RequestResponseBodyMethodProcessor.resolveArgument(RequestResponseBodyMethodProcessor.java:130)
	at org.springframework.web.method.support.HandlerMethodArgumentResolverComposite.resolveArgument(HandlerMethodArgumentResolverComposite.java:124)
	at org.springframework.web.method.support.InvocableHandlerMethod.getMethodArgumentValues(InvocableHandlerMethod.java:161)
	at org.springframework.web.method.support.InvocableHandlerMethod.invokeForRequest(InvocableHandlerMethod.java:131)
	at org.springframework.web.servlet.mvc.method.annotation.ServletInvocableHandlerMethod.invokeAndHandle(ServletInvocableHandlerMethod.java:102)
	at org.springframework.web.servlet.mvc.method.annotation.RequestMappingHandlerAdapter.invokeHandlerMethod(RequestMappingHandlerAdapter.java:877)
	at org.springframework.web.servlet.mvc.method.annotation.RequestMappingHandlerAdapter.handleInternal(RequestMappingHandlerAdapter.java:783)
	at org.springframework.web.servlet.mvc.method.AbstractHandlerMethodAdapter.handle(AbstractHandlerMethodAdapter.java:87)
	at org.springframework.web.servlet.DispatcherServlet.doDispatch(DispatcherServlet.java:991)
	at org.springframework.web.servlet.DispatcherServlet.doService(DispatcherServlet.java:925)
	at org.springframework.web.servlet.FrameworkServlet.processRequest(FrameworkServlet.java:974)
	at org.springframework.web.servlet.FrameworkServlet.doPost(FrameworkServlet.java:877)
	at javax.servlet.http.HttpServlet.service(HttpServlet.java:661)
	at org.springframework.web.servlet.FrameworkServlet.service(FrameworkServlet.java:851)
	at javax.servlet.http.HttpServlet.service(HttpServlet.java:742)
	at org.apache.catalina.core.ApplicationFilterChain.internalDoFilter(ApplicationFilterChain.java:231)
	at org.apache.catalina.core.ApplicationFilterChain.doFilter(ApplicationFilterChain.java:166)
	at org.apache.tomcat.websocket.server.WsFilter.doFilter(WsFilter.java:52)
	at org.apache.catalina.core.ApplicationFilterChain.internalDoFilter(ApplicationFilterChain.java:193)
	at org.apache.catalina.core.ApplicationFilterChain.doFilter(ApplicationFilterChain.java:166)
	at org.springframework.web.filter.RequestContextFilter.doFilterInternal(RequestContextFilter.java:99)
	at org.springframework.web.filter.OncePerRequestFilter.doFilter(OncePerRequestFilter.java:107)
	at org.apache.catalina.core.ApplicationFilterChain.internalDoFilter(ApplicationFilterChain.java:193)
	at org.apache.catalina.core.ApplicationFilterChain.doFilter(ApplicationFilterChain.java:166)
	at org.springframework.web.filter.HttpPutFormContentFilter.doFilterInternal(HttpPutFormContentFilter.java:109)
	at org.springframework.web.filter.OncePerRequestFilter.doFilter(OncePerRequestFilter.java:107)
	at org.apache.catalina.core.ApplicationFilterChain.internalDoFilter(ApplicationFilterChain.java:193)
	at org.apache.catalina.core.ApplicationFilterChain.doFilter(ApplicationFilterChain.java:166)
	at org.springframework.web.filter.HiddenHttpMethodFilter.doFilterInternal(HiddenHttpMethodFilter.java:81)
	at org.springframework.web.filter.OncePerRequestFilter.doFilter(OncePerRequestFilter.java:107)
	at org.apache.catalina.core.ApplicationFilterChain.internalDoFilter(ApplicationFilterChain.java:193)
	at org.apache.catalina.core.ApplicationFilterChain.doFilter(ApplicationFilterChain.java:166)
	at org.springframework.web.filter.CharacterEncodingFilter.doFilterInternal(CharacterEncodingFilter.java:200)
	at org.springframework.web.filter.OncePerRequestFilter.doFilter(OncePerRequestFilter.java:107)
	at org.apache.catalina.core.ApplicationFilterChain.internalDoFilter(ApplicationFilterChain.java:193)
	at org.apache.catalina.core.ApplicationFilterChain.doFilter(ApplicationFilterChain.java:166)
	at org.apache.catalina.core.StandardWrapperValve.invoke(StandardWrapperValve.java:198)
	at org.apache.catalina.core.StandardContextValve.invoke(StandardContextValve.java:96)
	at org.apache.catalina.authenticator.AuthenticatorBase.invoke(AuthenticatorBase.java:496)
	at org.apache.catalina.core.StandardHostValve.invoke(StandardHostValve.java:140)
	at org.apache.catalina.valves.ErrorReportValve.invoke(ErrorReportValve.java:81)
	at org.apache.catalina.core.StandardEngineValve.invoke(StandardEngineValve.java:87)
	at org.apache.catalina.connector.CoyoteAdapter.service(CoyoteAdapter.java:342)
	at org.apache.coyote.http11.Http11Processor.service(Http11Processor.java:803)
	at org.apache.coyote.AbstractProcessorLight.process(AbstractProcessorLight.java:66)
	at org.apache.coyote.AbstractProtocol$ConnectionHandler.process(AbstractProtocol.java:790)
	at org.apache.tomcat.util.net.NioEndpoint$SocketProcessor.doRun(NioEndpoint.java:1459)
	at org.apache.tomcat.util.net.SocketProcessorBase.run(SocketProcessorBase.java:49)
	at java.util.concurrent.ThreadPoolExecutor.runWorker(ThreadPoolExecutor.java:1149)
	at java.util.concurrent.ThreadPoolExecutor$Worker.run(ThreadPoolExecutor.java:624)
	at org.apache.tomcat.util.threads.TaskThread$WrappingRunnable.run(TaskThread.java:61)
	at java.lang.Thread.run(Thread.java:748)
2019-12-26 18:17:47.865 [http-nio-9903-exec-1] INFO  c.x.b.c.exception.XyExceptionHandler -null
2019-12-26 18:18:23.889 [main] INFO  com.xy.boot.open.OpenApiApplication -Starting OpenApiApplication on DESKTOP-S57A7AI with PID 15828 (D:\github_test\docker_images_test\openplatform-api\target\classes started by Administrator in D:\github_test\docker_images_test\openplatform-api)
2019-12-26 18:18:23.890 [main] INFO  com.xy.boot.open.OpenApiApplication -The following profiles are active: dev
2019-12-26 18:18:23.933 [main] INFO  o.s.b.w.s.c.AnnotationConfigServletWebServerApplicationContext -Refreshing org.springframework.boot.web.servlet.context.AnnotationConfigServletWebServerApplicationContext@59af0466: startup date [Thu Dec 26 18:18:23 CST 2019]; root of context hierarchy
2019-12-26 18:18:24.574 [main] INFO  o.s.d.r.c.RepositoryConfigurationDelegate -Multiple Spring Data modules found, entering strict repository configuration mode!
2019-12-26 18:18:24.950 [main] INFO  o.s.c.s.PostProcessorRegistrationDelegate$BeanPostProcessorChecker -Bean 'org.springframework.boot.context.properties.ConversionServiceDeducer$Factory' of type [org.springframework.boot.context.properties.ConversionServiceDeducer$Factory] is not eligible for getting processed by all BeanPostProcessors (for example: not eligible for auto-proxying)
2019-12-26 18:18:25.009 [main] INFO  o.s.c.s.PostProcessorRegistrationDelegate$BeanPostProcessorChecker -Bean 'spring.datasource.dynamic-com.baomidou.dynamic.datasource.spring.boot.autoconfigure.DynamicDataSourceProperties' of type [com.baomidou.dynamic.datasource.spring.boot.autoconfigure.DynamicDataSourceProperties] is not eligible for getting processed by all BeanPostProcessors (for example: not eligible for auto-proxying)
2019-12-26 18:18:25.012 [main] INFO  o.s.c.s.PostProcessorRegistrationDelegate$BeanPostProcessorChecker -Bean 'com.baomidou.dynamic.datasource.spring.boot.autoconfigure.DynamicDataSourceAutoConfiguration' of type [com.baomidou.dynamic.datasource.spring.boot.autoconfigure.DynamicDataSourceAutoConfiguration$$EnhancerBySpringCGLIB$$83f070d7] is not eligible for getting processed by all BeanPostProcessors (for example: not eligible for auto-proxying)
2019-12-26 18:18:25.024 [main] INFO  o.s.c.s.PostProcessorRegistrationDelegate$BeanPostProcessorChecker -Bean 'dynamicDataSourceSpelParser' of type [com.baomidou.dynamic.datasource.spel.DefaultDynamicDataSourceSpelParser] is not eligible for getting processed by all BeanPostProcessors (for example: not eligible for auto-proxying)
2019-12-26 18:18:25.027 [main] INFO  o.s.c.s.PostProcessorRegistrationDelegate$BeanPostProcessorChecker -Bean 'dynamicDataSourceSpelResolver' of type [com.baomidou.dynamic.datasource.spel.DefaultDynamicDataSourceSpelResolver] is not eligible for getting processed by all BeanPostProcessors (for example: not eligible for auto-proxying)
2019-12-26 18:18:25.033 [main] INFO  o.s.c.s.PostProcessorRegistrationDelegate$BeanPostProcessorChecker -Bean 'dynamicDatasourceAnnotationAdvisor' of type [com.baomidou.dynamic.datasource.aop.DynamicDataSourceAnnotationAdvisor] is not eligible for getting processed by all BeanPostProcessors (for example: not eligible for auto-proxying)
2019-12-26 18:18:25.037 [main] INFO  o.s.c.s.PostProcessorRegistrationDelegate$BeanPostProcessorChecker -Bean 'org.springframework.transaction.annotation.ProxyTransactionManagementConfiguration' of type [org.springframework.transaction.annotation.ProxyTransactionManagementConfiguration$$EnhancerBySpringCGLIB$$1a620006] is not eligible for getting processed by all BeanPostProcessors (for example: not eligible for auto-proxying)
2019-12-26 18:18:25.274 [main] INFO  o.s.b.w.e.tomcat.TomcatWebServer -Tomcat initialized with port(s): 9903 (http)
2019-12-26 18:18:25.284 [main] INFO  o.a.coyote.http11.Http11NioProtocol -Initializing ProtocolHandler ["http-nio-9903"]
2019-12-26 18:18:25.292 [main] INFO  o.a.catalina.core.StandardService -Starting service [Tomcat]
2019-12-26 18:18:25.292 [main] INFO  o.a.catalina.core.StandardEngine -Starting Servlet Engine: Apache Tomcat/8.5.29
2019-12-26 18:18:25.296 [localhost-startStop-1] INFO  o.a.c.core.AprLifecycleListener -The APR based Apache Tomcat Native library which allows optimal performance in production environments was not found on the java.library.path: [C:\Program Files\Java\jdk1.8.0_144\bin;C:\Windows\Sun\Java\bin;C:\Windows\system32;C:\Windows;C:\ProgramData\DockerDesktop\version-bin;C:\Program Files\Docker\Docker\Resources\bin;F:\tools\dev\Xshell6\;C:\ProgramData\Oracle\Java\javapath;C:\Windows\system32;C:\Windows;C:\Windows\System32\Wbem;C:\Windows\System32\WindowsPowerShell\v1.0\;C:\Windows\System32\OpenSSH\;C:\Program Files\TortoiseSVN\bin;C:\Program Files\Java\jdk1.8.0_144\bin;C:\Program Files\Java\jdk1.8.0_144\jre\bin;F:\tools\dev\Git\cmd;F:\tools\dev\apache-ant-1.10.6\bin;F:\tools\dev\nodejs;F:\tools\dev\OpenVPN\bin;F:\tools\dev\apache-maven-3.6.1\bin;C:\Users\Administrator\node_modules\.bin;F:\Python\Python37\Scripts\;F:\Python\Python37\;C:\Users\Administrator\AppData\Local\Microsoft\WindowsApps;C:\Users\Administrator\AppData\Roaming\npm;.]
2019-12-26 18:18:25.428 [localhost-startStop-1] INFO  o.a.c.c.C.[.[localhost].[/open/api] -Initializing Spring embedded WebApplicationContext
2019-12-26 18:18:25.428 [localhost-startStop-1] INFO  o.s.web.context.ContextLoader -Root WebApplicationContext: initialization completed in 1495 ms
2019-12-26 18:18:25.541 [localhost-startStop-1] INFO  o.s.b.w.s.ServletRegistrationBean -Servlet dispatcherServlet mapped to [/]
2019-12-26 18:18:25.545 [localhost-startStop-1] INFO  o.s.b.w.s.FilterRegistrationBean -Mapping filter: 'characterEncodingFilter' to: [/*]
2019-12-26 18:18:25.546 [localhost-startStop-1] INFO  o.s.b.w.s.FilterRegistrationBean -Mapping filter: 'hiddenHttpMethodFilter' to: [/*]
2019-12-26 18:18:25.546 [localhost-startStop-1] INFO  o.s.b.w.s.FilterRegistrationBean -Mapping filter: 'httpPutFormContentFilter' to: [/*]
2019-12-26 18:18:25.546 [localhost-startStop-1] INFO  o.s.b.w.s.FilterRegistrationBean -Mapping filter: 'requestContextFilter' to: [/*]
2019-12-26 18:18:25.669 [main] INFO  com.zaxxer.hikari.HikariDataSource -master - Starting...
2019-12-26 18:18:26.172 [main] INFO  com.zaxxer.hikari.HikariDataSource -master - Start completed.
2019-12-26 18:18:26.172 [main] INFO  com.zaxxer.hikari.HikariDataSource -publicnum - Starting...
2019-12-26 18:18:26.798 [main] INFO  com.zaxxer.hikari.HikariDataSource -publicnum - Start completed.
2019-12-26 18:18:26.798 [main] INFO  c.b.d.d.DynamicRoutingDataSource -初始共加载 2 个数据源
2019-12-26 18:18:26.798 [main] INFO  c.b.d.d.DynamicRoutingDataSource -动态数据源-加载 master 成功
2019-12-26 18:18:26.798 [main] INFO  c.b.d.d.DynamicRoutingDataSource -动态数据源-加载 publicnum 成功
2019-12-26 18:18:26.798 [main] INFO  c.b.d.d.DynamicRoutingDataSource -当前的默认数据源是单数据源，数据源名为 master
2019-12-26 18:18:27.899 [main] INFO  c.x.boot.open.util.SensitiveWordUtil -敏感词库路径 = classpath:data/sensitive-word.txt
2019-12-26 18:18:27.904 [main] INFO  c.x.boot.open.util.SensitiveWordUtil -成功载入1891个敏感词
2019-12-26 18:18:28.158 [main] INFO  o.s.w.s.h.SimpleUrlHandlerMapping -Mapped URL path [/**/favicon.ico] onto handler of type [class org.springframework.web.servlet.resource.ResourceHttpRequestHandler]
2019-12-26 18:18:28.398 [main] INFO  o.s.w.s.m.m.a.RequestMappingHandlerAdapter -Looking for @ControllerAdvice: org.springframework.boot.web.servlet.context.AnnotationConfigServletWebServerApplicationContext@59af0466: startup date [Thu Dec 26 18:18:23 CST 2019]; root of context hierarchy
2019-12-26 18:18:28.442 [main] INFO  o.s.w.s.m.m.a.RequestMappingHandlerMapping -Mapped "{[/actionInfoUpload],methods=[POST]}" onto public com.xy.boot.common.base.entity.ReturnDTO com.xy.boot.open.controller.ActionInfoController.actionInfoUpload(com.xy.boot.open.model.params.ActionInfoParam,org.springframework.validation.BindingResult)
2019-12-26 18:18:28.444 [main] INFO  o.s.w.s.m.m.a.RequestMappingHandlerMapping -Mapped "{[/tOpenApiAgentExtInfo/delete],methods=[POST]}" onto public com.xy.boot.common.base.entity.ReturnDTO com.xy.boot.common.base.controller.BaseController.delete(java.util.List<java.lang.Long>)
2019-12-26 18:18:28.445 [main] INFO  o.s.w.s.m.m.a.RequestMappingHandlerMapping -Mapped "{[/tOpenApiAgentExtInfo/create],methods=[POST]}" onto public com.xy.boot.common.base.entity.ReturnDTO com.xy.boot.common.base.controller.BaseController.create(U)
2019-12-26 18:18:28.445 [main] INFO  o.s.w.s.m.m.a.RequestMappingHandlerMapping -Mapped "{[/tOpenApiAgentExtInfo/list],methods=[GET]}" onto public com.xy.boot.common.base.entity.ReturnDTO com.xy.boot.common.base.controller.BaseController.list()
2019-12-26 18:18:28.445 [main] INFO  o.s.w.s.m.m.a.RequestMappingHandlerMapping -Mapped "{[/tOpenApiAgentExtInfo/detail/{id}],methods=[GET]}" onto public com.xy.boot.common.base.entity.ReturnDTO com.xy.boot.common.base.controller.BaseController.detail(java.lang.Long)
2019-12-26 18:18:28.445 [main] INFO  o.s.w.s.m.m.a.RequestMappingHandlerMapping -Mapped "{[/tOpenApiAgentExtInfo/page],methods=[POST]}" onto public com.xy.boot.common.base.entity.ReturnDTO com.xy.boot.common.base.controller.BaseController.page(com.baomidou.mybatisplus.plugins.Page)
2019-12-26 18:18:28.446 [main] INFO  o.s.w.s.m.m.a.RequestMappingHandlerMapping -Mapped "{[/checkInfoQuery],methods=[POST]}" onto public com.xy.boot.common.base.entity.ReturnDTO com.xy.boot.open.controller.CheckInfoQueryController.checkInfoQuery(com.xy.boot.open.model.params.CheckInfoQueryParam,org.springframework.validation.BindingResult)
2019-12-26 18:18:28.446 [main] INFO  o.s.w.s.m.m.a.RequestMappingHandlerMapping -Mapped "{[/entInfoUpload],methods=[POST]}" onto public com.xy.boot.common.base.entity.ReturnDTO com.xy.boot.open.controller.EntInfoController.entInfoUpload(com.xy.boot.open.model.params.EntInfoParam,org.springframework.validation.BindingResult)
2019-12-26 18:18:28.446 [main] INFO  o.s.w.s.m.m.a.RequestMappingHandlerMapping -Mapped "{[/menuInfoUpload],methods=[POST]}" onto public com.xy.boot.common.base.entity.ReturnDTO com.xy.boot.open.controller.MenuInfoController.channelsUpload(com.xy.boot.open.model.params.MenuInfoParam,org.springframework.validation.BindingResult)
2019-12-26 18:18:28.446 [main] INFO  o.s.w.s.m.m.a.RequestMappingHandlerMapping -Mapped "{[/relationInfoUpload],methods=[POST]}" onto public com.xy.boot.common.base.entity.ReturnDTO com.xy.boot.open.controller.MenuRelationInfoController.relationInfoUpload(com.xy.boot.open.model.params.RelationInfoParam,org.springframework.validation.BindingResult)
2019-12-26 18:18:28.447 [main] INFO  o.s.w.s.m.m.a.RequestMappingHandlerMapping -Mapped "{[/tOpenApiMuiltData/delete],methods=[POST]}" onto public com.xy.boot.common.base.entity.ReturnDTO com.xy.boot.common.base.controller.BaseController.delete(java.util.List<java.lang.Long>)
2019-12-26 18:18:28.447 [main] INFO  o.s.w.s.m.m.a.RequestMappingHandlerMapping -Mapped "{[/tOpenApiMuiltData/create],methods=[POST]}" onto public com.xy.boot.common.base.entity.ReturnDTO com.xy.boot.common.base.controller.BaseController.create(U)
2019-12-26 18:18:28.448 [main] INFO  o.s.w.s.m.m.a.RequestMappingHandlerMapping -Mapped "{[/tOpenApiMuiltData/list],methods=[GET]}" onto public com.xy.boot.common.base.entity.ReturnDTO com.xy.boot.common.base.controller.BaseController.list()
2019-12-26 18:18:28.448 [main] INFO  o.s.w.s.m.m.a.RequestMappingHandlerMapping -Mapped "{[/tOpenApiMuiltData/detail/{id}],methods=[GET]}" onto public com.xy.boot.common.base.entity.ReturnDTO com.xy.boot.common.base.controller.BaseController.detail(java.lang.Long)
2019-12-26 18:18:28.448 [main] INFO  o.s.w.s.m.m.a.RequestMappingHandlerMapping -Mapped "{[/tOpenApiMuiltData/page],methods=[POST]}" onto public com.xy.boot.common.base.entity.ReturnDTO com.xy.boot.common.base.controller.BaseController.page(com.baomidou.mybatisplus.plugins.Page)
2019-12-26 18:18:28.448 [main] INFO  o.s.w.s.m.m.a.RequestMappingHandlerMapping -Mapped "{[/channelsUpload],methods=[POST]}" onto public com.xy.boot.common.base.entity.ReturnDTO com.xy.boot.open.controller.NumInfoController.channelsUpload(com.xy.boot.open.model.params.ChannelInfoParam,org.springframework.validation.BindingResult)
2019-12-26 18:18:28.449 [main] INFO  o.s.w.s.m.m.a.RequestMappingHandlerMapping -Mapped "{[/updateStatus/offline],methods=[POST]}" onto public com.xy.boot.common.base.entity.ReturnDTO com.xy.boot.open.controller.OnOffLineController.offLine(com.xy.boot.open.model.params.UpdateStatusParam,org.springframework.validation.BindingResult)
2019-12-26 18:18:28.449 [main] INFO  o.s.w.s.m.m.a.RequestMappingHandlerMapping -Mapped "{[/updateStatus/upline],methods=[POST]}" onto public com.xy.boot.common.base.entity.ReturnDTO com.xy.boot.open.controller.OnOffLineController.online(com.xy.boot.open.model.params.UpdateStatusParam,org.springframework.validation.BindingResult)
2019-12-26 18:18:28.451 [main] INFO  o.s.w.s.m.m.a.RequestMappingHandlerMapping -Mapped "{[/pubInfoRenewContract],methods=[POST]}" onto public com.xy.boot.common.base.entity.ReturnDTO com.xy.boot.open.controller.PubInfoController.pubInfoRenewContract(com.xy.boot.open.model.params.PubInfoRenewalContractParam,org.springframework.validation.BindingResult)
2019-12-26 18:18:28.451 [main] INFO  o.s.w.s.m.m.a.RequestMappingHandlerMapping -Mapped "{[/pubInfoAcceptanceConfirm],methods=[POST]}" onto public com.xy.boot.common.base.entity.ReturnDTO com.xy.boot.open.controller.PubInfoController.publicInfoAcceptanceConfirm(com.xy.boot.open.model.params.PubInfoAcceptanceConfirmParam,org.springframework.validation.BindingResult)
2019-12-26 18:18:28.451 [main] INFO  o.s.w.s.m.m.a.RequestMappingHandlerMapping -Mapped "{[/renewContractNotice],methods=[POST]}" onto public com.xy.boot.common.base.entity.ReturnDTO com.xy.boot.open.controller.PubInfoController.pubInfoRenewContractNotice(com.xy.boot.open.model.params.PubInfoRenewalQueryParam,org.springframework.validation.BindingResult)
2019-12-26 18:18:28.451 [main] INFO  o.s.w.s.m.m.a.RequestMappingHandlerMapping -Mapped "{[/pubInfoUpload],methods=[POST]}" onto public com.xy.boot.common.base.entity.ReturnDTO com.xy.boot.open.controller.PubInfoController.pubInfoUpload(com.xy.boot.open.model.params.PubInfoParam,org.springframework.validation.BindingResult)
2019-12-26 18:18:28.452 [main] INFO  o.s.w.s.m.m.a.RequestMappingHandlerMapping -Mapped "{[/smsParseInfoUpload],methods=[POST]}" onto public com.xy.boot.common.base.entity.ReturnDTO com.xy.boot.open.controller.SmsInfoController.smsParseInfoUpload(com.xy.boot.open.model.params.SmsParseInfoParam,org.springframework.validation.BindingResult)
2019-12-26 18:18:28.452 [main] INFO  o.s.w.s.m.m.a.RequestMappingHandlerMapping -Mapped "{[/statistics/pub],methods=[POST]}" onto public com.xy.boot.common.base.entity.ReturnDTO com.xy.boot.open.controller.StatisticController.channelsUpload(com.xy.boot.open.model.params.PubStatisticDataParam,org.springframework.validation.BindingResult)
2019-12-26 18:18:28.452 [main] INFO  o.s.w.s.m.m.a.RequestMappingHandlerMapping -Mapped "{[/whiteInfoUpload],methods=[POST]}" onto public com.xy.boot.common.base.entity.ReturnDTO com.xy.boot.open.controller.WhiteInfoController.whiteInfoUpload(com.xy.boot.open.model.params.WhiteInfoParam,org.springframework.validation.BindingResult)
2019-12-26 18:18:28.453 [main] INFO  o.s.w.s.m.m.a.RequestMappingHandlerMapping -Mapped "{[/yellowPageInfoUpload],methods=[POST]}" onto public com.xy.boot.common.base.entity.ReturnDTO com.xy.boot.open.controller.YellowInfoController.channelsUpload(com.xy.boot.open.model.params.YellowInfoParam,org.springframework.validation.BindingResult)
2019-12-26 18:18:28.454 [main] INFO  o.s.w.s.m.m.a.RequestMappingHandlerMapping -Mapped "{[/error]}" onto public org.springframework.http.ResponseEntity<java.util.Map<java.lang.String, java.lang.Object>> org.springframework.boot.autoconfigure.web.servlet.error.BasicErrorController.error(javax.servlet.http.HttpServletRequest)
2019-12-26 18:18:28.455 [main] INFO  o.s.w.s.m.m.a.RequestMappingHandlerMapping -Mapped "{[/error],produces=[text/html]}" onto public org.springframework.web.servlet.ModelAndView org.springframework.boot.autoconfigure.web.servlet.error.BasicErrorController.errorHtml(javax.servlet.http.HttpServletRequest,javax.servlet.http.HttpServletResponse)
2019-12-26 18:18:28.485 [main] INFO  o.s.w.s.h.SimpleUrlHandlerMapping -Mapped URL path [/webjars/**] onto handler of type [class org.springframework.web.servlet.resource.ResourceHttpRequestHandler]
2019-12-26 18:18:28.485 [main] INFO  o.s.w.s.h.SimpleUrlHandlerMapping -Mapped URL path [/**] onto handler of type [class org.springframework.web.servlet.resource.ResourceHttpRequestHandler]
2019-12-26 18:18:28.498 [main] INFO  o.s.w.s.m.m.a.ExceptionHandlerExceptionResolver -Detected @ExceptionHandler methods in xyExceptionHandler
2019-12-26 18:18:28.812 [main] INFO  o.s.u.f.SpringTemplateLoader -SpringTemplateLoader for FreeMarker: using resource loader [org.springframework.boot.web.servlet.context.AnnotationConfigServletWebServerApplicationContext@59af0466: startup date [Thu Dec 26 18:18:23 CST 2019]; root of context hierarchy] and template loader path [classpath:/templates/]
2019-12-26 18:18:28.812 [main] INFO  o.s.w.s.v.f.FreeMarkerConfigurer -ClassTemplateLoader for Spring macros added to FreeMarker configuration
2019-12-26 18:18:29.006 [main] INFO  o.s.j.e.a.AnnotationMBeanExporter -Registering beans for JMX exposure on startup
2019-12-26 18:18:29.018 [main] INFO  o.a.coyote.http11.Http11NioProtocol -Starting ProtocolHandler ["http-nio-9903"]
2019-12-26 18:18:29.027 [main] INFO  o.a.tomcat.util.net.NioSelectorPool -Using a shared selector for servlet write/read
2019-12-26 18:18:29.038 [main] INFO  o.s.b.w.e.tomcat.TomcatWebServer -Tomcat started on port(s): 9903 (http) with context path '/open/api'
2019-12-26 18:18:29.040 [main] INFO  com.xy.boot.open.OpenApiApplication -Started OpenApiApplication in 5.46 seconds (JVM running for 6.392)
2019-12-26 18:18:29.042 [main] INFO  com.xy.boot.open.OpenApiApplication -PortalApplication is success!
2019-12-26 18:19:23.128 [http-nio-9903-exec-1] INFO  o.a.c.c.C.[.[localhost].[/open/api] -Initializing Spring FrameworkServlet 'dispatcherServlet'
2019-12-26 18:19:23.128 [http-nio-9903-exec-1] INFO  o.s.web.servlet.DispatcherServlet -FrameworkServlet 'dispatcherServlet': initialization started
2019-12-26 18:19:23.147 [http-nio-9903-exec-1] INFO  o.s.web.servlet.DispatcherServlet -FrameworkServlet 'dispatcherServlet': initialization completed in 19 ms
2019-12-26 18:19:23.577 [http-nio-9903-exec-1] INFO  com.xy.boot.open.aspect.HttpAspect -RemoteAddr = 127.0.0.1
2019-12-26 18:19:23.577 [http-nio-9903-exec-1] INFO  com.xy.boot.open.aspect.HttpAspect -接口url = /open/api//checkInfoQuery
2019-12-26 18:19:23.577 [http-nio-9903-exec-1] INFO  com.xy.boot.open.aspect.HttpAspect -接口参数 = CheckInfoQueryParam(xyCode=CHANNEL526807236090019840)
2019-12-26 18:19:23.631 [http-nio-9903-exec-1] INFO  c.x.b.o.c.CheckInfoQueryController -{"xyCode":"CHANNEL526807236090019840"}
2019-12-26 18:19:23.831 [http-nio-9903-exec-1] INFO  c.x.b.o.c.CheckInfoQueryController -{"code":200,"message":[{"dataType":"CHANNEL","status":"5","statusStr":"已上线","xyCode":"CHANNEL526807236090019840","xyVersion":"20191224170352819"}]}
2019-12-26 18:19:23.832 [http-nio-9903-exec-1] INFO  com.xy.boot.open.aspect.HttpAspect -接口响应 = {"code":200,"message":[{"dataType":"CHANNEL","status":"5","statusStr":"已上线","xyCode":"CHANNEL526807236090019840","xyVersion":"20191224170352819"}]}
